[1.177s] Invoking command in '/home/tumwfml-ubunt6/ros2_ws/src/turtlebot3_ws/src/turtlebot3/turtlebot3_example': AMENT_PREFIX_PATH=/home/tumwfml-ubunt6/ros2_ws/src/turtlebot3_ws/install/turtlebot3_msgs:${AMENT_PREFIX_PATH} CMAKE_PREFIX_PATH=/home/tumwfml-ubunt6/ros2_ws/src/turtlebot3_ws/install/turtlebot3_msgs:${CMAKE_PREFIX_PATH} LD_LIBRARY_PATH=/home/tumwfml-ubunt6/ros2_ws/src/turtlebot3_ws/install/turtlebot3_msgs/lib:/home/tumwfml-ubunt6/ros2_ws/install/yolov8_msgs/lib:/home/tumwfml-ubunt6/ros2_ws/install/turtlebot3_msgs/lib:/home/tumwfml-ubunt6/ros2_ws/install/dynamixel_sdk_custom_interfaces/lib:/home/tumwfml-ubunt6/ros2_ws/install/dynamixel_sdk/lib:/usr/lib/x86_64-linux-gnu/gazebo-11/plugins:/opt/ros/humble/opt/rviz_ogre_vendor/lib:/opt/ros/humble/lib/x86_64-linux-gnu:/opt/ros/humble/lib:/usr/share/gazebo/../../lib/x86_64-linux-gnu/gazebo-11/plugins:/usr/share/gazebo/../../lib/x86_64-linux-gnu/gazebo-11/plugins:/usr/share/gazebo/../../lib/x86_64-linux-gnu/gazebo-11/plugins:/usr/share/gazebo/../../lib/x86_64-linux-gnu/gazebo-11/plugins:/usr/share/gazebo/../../lib/x86_64-linux-gnu/gazebo-11/plugins:/usr/share/gazebo/../../lib/x86_64-linux-gnu/gazebo-11/plugins PYTHONPATH=/home/tumwfml-ubunt6/ros2_ws/src/turtlebot3_ws/build/turtlebot3_example/prefix_override:/usr/lib/python3/dist-packages/colcon_core/task/python/colcon_distutils_commands:/home/tumwfml-ubunt6/ros2_ws/src/turtlebot3_ws/install/turtlebot3_example/lib/python3.10/site-packages:/home/tumwfml-ubunt6/ros2_ws/src/turtlebot3_ws/install/turtlebot3_msgs/local/lib/python3.10/dist-packages:${PYTHONPATH} /usr/bin/python3 -W ignore:setup.py install is deprecated setup.py egg_info --egg-base ../../../build/turtlebot3_example build --build-base /home/tumwfml-ubunt6/ros2_ws/src/turtlebot3_ws/build/turtlebot3_example/build install --record /home/tumwfml-ubunt6/ros2_ws/src/turtlebot3_ws/build/turtlebot3_example/install.log --single-version-externally-managed install_data
[1.550s] running egg_info
[1.551s] creating ../../../build/turtlebot3_example/turtlebot3_example.egg-info
[1.577s] writing ../../../build/turtlebot3_example/turtlebot3_example.egg-info/PKG-INFO
[1.578s] writing dependency_links to ../../../build/turtlebot3_example/turtlebot3_example.egg-info/dependency_links.txt
[1.578s] writing entry points to ../../../build/turtlebot3_example/turtlebot3_example.egg-info/entry_points.txt
[1.578s] writing requirements to ../../../build/turtlebot3_example/turtlebot3_example.egg-info/requires.txt
[1.578s] writing top-level names to ../../../build/turtlebot3_example/turtlebot3_example.egg-info/top_level.txt
[1.579s] writing manifest file '../../../build/turtlebot3_example/turtlebot3_example.egg-info/SOURCES.txt'
[1.634s] reading manifest file '../../../build/turtlebot3_example/turtlebot3_example.egg-info/SOURCES.txt'
[1.635s] writing manifest file '../../../build/turtlebot3_example/turtlebot3_example.egg-info/SOURCES.txt'
[1.635s] running build
[1.635s] running build_py
[1.635s] creating /home/tumwfml-ubunt6/ros2_ws/src/turtlebot3_ws/build/turtlebot3_example/build
[1.635s] creating /home/tumwfml-ubunt6/ros2_ws/src/turtlebot3_ws/build/turtlebot3_example/build/lib
[1.636s] creating /home/tumwfml-ubunt6/ros2_ws/src/turtlebot3_ws/build/turtlebot3_example/build/lib/turtlebot3_example
[1.636s] copying turtlebot3_example/__init__.py -> /home/tumwfml-ubunt6/ros2_ws/src/turtlebot3_ws/build/turtlebot3_example/build/lib/turtlebot3_example
[1.636s] creating /home/tumwfml-ubunt6/ros2_ws/src/turtlebot3_ws/build/turtlebot3_example/build/lib/turtlebot3_example/turtlebot3_patrol_client
[1.636s] copying turtlebot3_example/turtlebot3_patrol_client/main.py -> /home/tumwfml-ubunt6/ros2_ws/src/turtlebot3_ws/build/turtlebot3_example/build/lib/turtlebot3_example/turtlebot3_patrol_client
[1.637s] copying turtlebot3_example/turtlebot3_patrol_client/__init__.py -> /home/tumwfml-ubunt6/ros2_ws/src/turtlebot3_ws/build/turtlebot3_example/build/lib/turtlebot3_example/turtlebot3_patrol_client
[1.637s] copying turtlebot3_example/turtlebot3_patrol_client/turtlebot3_patrol_client.py -> /home/tumwfml-ubunt6/ros2_ws/src/turtlebot3_ws/build/turtlebot3_example/build/lib/turtlebot3_example/turtlebot3_patrol_client
[1.637s] creating /home/tumwfml-ubunt6/ros2_ws/src/turtlebot3_ws/build/turtlebot3_example/build/lib/turtlebot3_example/turtlebot3_obstacle_detection
[1.637s] copying turtlebot3_example/turtlebot3_obstacle_detection/turtlebot3_obstacle_detection.py -> /home/tumwfml-ubunt6/ros2_ws/src/turtlebot3_ws/build/turtlebot3_example/build/lib/turtlebot3_example/turtlebot3_obstacle_detection
[1.637s] copying turtlebot3_example/turtlebot3_obstacle_detection/main.py -> /home/tumwfml-ubunt6/ros2_ws/src/turtlebot3_ws/build/turtlebot3_example/build/lib/turtlebot3_example/turtlebot3_obstacle_detection
[1.638s] copying turtlebot3_example/turtlebot3_obstacle_detection/__init__.py -> /home/tumwfml-ubunt6/ros2_ws/src/turtlebot3_ws/build/turtlebot3_example/build/lib/turtlebot3_example/turtlebot3_obstacle_detection
[1.638s] creating /home/tumwfml-ubunt6/ros2_ws/src/turtlebot3_ws/build/turtlebot3_example/build/lib/turtlebot3_example/turtlebot3_patrol_server
[1.638s] copying turtlebot3_example/turtlebot3_patrol_server/turtlebot3_path.py -> /home/tumwfml-ubunt6/ros2_ws/src/turtlebot3_ws/build/turtlebot3_example/build/lib/turtlebot3_example/turtlebot3_patrol_server
[1.638s] copying turtlebot3_example/turtlebot3_patrol_server/main.py -> /home/tumwfml-ubunt6/ros2_ws/src/turtlebot3_ws/build/turtlebot3_example/build/lib/turtlebot3_example/turtlebot3_patrol_server
[1.638s] copying turtlebot3_example/turtlebot3_patrol_server/turtlebot3_patrol_server.py -> /home/tumwfml-ubunt6/ros2_ws/src/turtlebot3_ws/build/turtlebot3_example/build/lib/turtlebot3_example/turtlebot3_patrol_server
[1.639s] copying turtlebot3_example/turtlebot3_patrol_server/__init__.py -> /home/tumwfml-ubunt6/ros2_ws/src/turtlebot3_ws/build/turtlebot3_example/build/lib/turtlebot3_example/turtlebot3_patrol_server
[1.639s] creating /home/tumwfml-ubunt6/ros2_ws/src/turtlebot3_ws/build/turtlebot3_example/build/lib/turtlebot3_example/turtlebot3_position_control
[1.639s] copying turtlebot3_example/turtlebot3_position_control/turtlebot3_path.py -> /home/tumwfml-ubunt6/ros2_ws/src/turtlebot3_ws/build/turtlebot3_example/build/lib/turtlebot3_example/turtlebot3_position_control
[1.639s] copying turtlebot3_example/turtlebot3_position_control/main.py -> /home/tumwfml-ubunt6/ros2_ws/src/turtlebot3_ws/build/turtlebot3_example/build/lib/turtlebot3_example/turtlebot3_position_control
[1.639s] copying turtlebot3_example/turtlebot3_position_control/turtlebot3_position_control.py -> /home/tumwfml-ubunt6/ros2_ws/src/turtlebot3_ws/build/turtlebot3_example/build/lib/turtlebot3_example/turtlebot3_position_control
[1.640s] copying turtlebot3_example/turtlebot3_position_control/__init__.py -> /home/tumwfml-ubunt6/ros2_ws/src/turtlebot3_ws/build/turtlebot3_example/build/lib/turtlebot3_example/turtlebot3_position_control
[1.640s] running install
[1.645s] running install_lib
[1.673s] creating /home/tumwfml-ubunt6/ros2_ws/src/turtlebot3_ws/install/turtlebot3_example/lib/python3.10/site-packages/turtlebot3_example
[1.673s] creating /home/tumwfml-ubunt6/ros2_ws/src/turtlebot3_ws/install/turtlebot3_example/lib/python3.10/site-packages/turtlebot3_example/turtlebot3_patrol_client
[1.674s] copying /home/tumwfml-ubunt6/ros2_ws/src/turtlebot3_ws/build/turtlebot3_example/build/lib/turtlebot3_example/turtlebot3_patrol_client/main.py -> /home/tumwfml-ubunt6/ros2_ws/src/turtlebot3_ws/install/turtlebot3_example/lib/python3.10/site-packages/turtlebot3_example/turtlebot3_patrol_client
[1.674s] copying /home/tumwfml-ubunt6/ros2_ws/src/turtlebot3_ws/build/turtlebot3_example/build/lib/turtlebot3_example/turtlebot3_patrol_client/__init__.py -> /home/tumwfml-ubunt6/ros2_ws/src/turtlebot3_ws/install/turtlebot3_example/lib/python3.10/site-packages/turtlebot3_example/turtlebot3_patrol_client
[1.674s] copying /home/tumwfml-ubunt6/ros2_ws/src/turtlebot3_ws/build/turtlebot3_example/build/lib/turtlebot3_example/turtlebot3_patrol_client/turtlebot3_patrol_client.py -> /home/tumwfml-ubunt6/ros2_ws/src/turtlebot3_ws/install/turtlebot3_example/lib/python3.10/site-packages/turtlebot3_example/turtlebot3_patrol_client
[1.674s] creating /home/tumwfml-ubunt6/ros2_ws/src/turtlebot3_ws/install/turtlebot3_example/lib/python3.10/site-packages/turtlebot3_example/turtlebot3_obstacle_detection
[1.674s] copying /home/tumwfml-ubunt6/ros2_ws/src/turtlebot3_ws/build/turtlebot3_example/build/lib/turtlebot3_example/turtlebot3_obstacle_detection/turtlebot3_obstacle_detection.py -> /home/tumwfml-ubunt6/ros2_ws/src/turtlebot3_ws/install/turtlebot3_example/lib/python3.10/site-packages/turtlebot3_example/turtlebot3_obstacle_detection
[1.675s] copying /home/tumwfml-ubunt6/ros2_ws/src/turtlebot3_ws/build/turtlebot3_example/build/lib/turtlebot3_example/turtlebot3_obstacle_detection/main.py -> /home/tumwfml-ubunt6/ros2_ws/src/turtlebot3_ws/install/turtlebot3_example/lib/python3.10/site-packages/turtlebot3_example/turtlebot3_obstacle_detection
[1.675s] copying /home/tumwfml-ubunt6/ros2_ws/src/turtlebot3_ws/build/turtlebot3_example/build/lib/turtlebot3_example/turtlebot3_obstacle_detection/__init__.py -> /home/tumwfml-ubunt6/ros2_ws/src/turtlebot3_ws/install/turtlebot3_example/lib/python3.10/site-packages/turtlebot3_example/turtlebot3_obstacle_detection
[1.675s] creating /home/tumwfml-ubunt6/ros2_ws/src/turtlebot3_ws/install/turtlebot3_example/lib/python3.10/site-packages/turtlebot3_example/turtlebot3_patrol_server
[1.675s] copying /home/tumwfml-ubunt6/ros2_ws/src/turtlebot3_ws/build/turtlebot3_example/build/lib/turtlebot3_example/turtlebot3_patrol_server/turtlebot3_path.py -> /home/tumwfml-ubunt6/ros2_ws/src/turtlebot3_ws/install/turtlebot3_example/lib/python3.10/site-packages/turtlebot3_example/turtlebot3_patrol_server
[1.676s] copying /home/tumwfml-ubunt6/ros2_ws/src/turtlebot3_ws/build/turtlebot3_example/build/lib/turtlebot3_example/turtlebot3_patrol_server/main.py -> /home/tumwfml-ubunt6/ros2_ws/src/turtlebot3_ws/install/turtlebot3_example/lib/python3.10/site-packages/turtlebot3_example/turtlebot3_patrol_server
[1.676s] copying /home/tumwfml-ubunt6/ros2_ws/src/turtlebot3_ws/build/turtlebot3_example/build/lib/turtlebot3_example/turtlebot3_patrol_server/turtlebot3_patrol_server.py -> /home/tumwfml-ubunt6/ros2_ws/src/turtlebot3_ws/install/turtlebot3_example/lib/python3.10/site-packages/turtlebot3_example/turtlebot3_patrol_server
[1.676s] copying /home/tumwfml-ubunt6/ros2_ws/src/turtlebot3_ws/build/turtlebot3_example/build/lib/turtlebot3_example/turtlebot3_patrol_server/__init__.py -> /home/tumwfml-ubunt6/ros2_ws/src/turtlebot3_ws/install/turtlebot3_example/lib/python3.10/site-packages/turtlebot3_example/turtlebot3_patrol_server
[1.676s] copying /home/tumwfml-ubunt6/ros2_ws/src/turtlebot3_ws/build/turtlebot3_example/build/lib/turtlebot3_example/__init__.py -> /home/tumwfml-ubunt6/ros2_ws/src/turtlebot3_ws/install/turtlebot3_example/lib/python3.10/site-packages/turtlebot3_example
[1.676s] creating /home/tumwfml-ubunt6/ros2_ws/src/turtlebot3_ws/install/turtlebot3_example/lib/python3.10/site-packages/turtlebot3_example/turtlebot3_position_control
[1.676s] copying /home/tumwfml-ubunt6/ros2_ws/src/turtlebot3_ws/build/turtlebot3_example/build/lib/turtlebot3_example/turtlebot3_position_control/turtlebot3_path.py -> /home/tumwfml-ubunt6/ros2_ws/src/turtlebot3_ws/install/turtlebot3_example/lib/python3.10/site-packages/turtlebot3_example/turtlebot3_position_control
[1.677s] copying /home/tumwfml-ubunt6/ros2_ws/src/turtlebot3_ws/build/turtlebot3_example/build/lib/turtlebot3_example/turtlebot3_position_control/main.py -> /home/tumwfml-ubunt6/ros2_ws/src/turtlebot3_ws/install/turtlebot3_example/lib/python3.10/site-packages/turtlebot3_example/turtlebot3_position_control
[1.677s] copying /home/tumwfml-ubunt6/ros2_ws/src/turtlebot3_ws/build/turtlebot3_example/build/lib/turtlebot3_example/turtlebot3_position_control/turtlebot3_position_control.py -> /home/tumwfml-ubunt6/ros2_ws/src/turtlebot3_ws/install/turtlebot3_example/lib/python3.10/site-packages/turtlebot3_example/turtlebot3_position_control
[1.677s] copying /home/tumwfml-ubunt6/ros2_ws/src/turtlebot3_ws/build/turtlebot3_example/build/lib/turtlebot3_example/turtlebot3_position_control/__init__.py -> /home/tumwfml-ubunt6/ros2_ws/src/turtlebot3_ws/install/turtlebot3_example/lib/python3.10/site-packages/turtlebot3_example/turtlebot3_position_control
[1.677s] byte-compiling /home/tumwfml-ubunt6/ros2_ws/src/turtlebot3_ws/install/turtlebot3_example/lib/python3.10/site-packages/turtlebot3_example/turtlebot3_patrol_client/main.py to main.cpython-310.pyc
[1.677s] byte-compiling /home/tumwfml-ubunt6/ros2_ws/src/turtlebot3_ws/install/turtlebot3_example/lib/python3.10/site-packages/turtlebot3_example/turtlebot3_patrol_client/__init__.py to __init__.cpython-310.pyc
[1.678s] byte-compiling /home/tumwfml-ubunt6/ros2_ws/src/turtlebot3_ws/install/turtlebot3_example/lib/python3.10/site-packages/turtlebot3_example/turtlebot3_patrol_client/turtlebot3_patrol_client.py to turtlebot3_patrol_client.cpython-310.pyc
[1.678s] byte-compiling /home/tumwfml-ubunt6/ros2_ws/src/turtlebot3_ws/install/turtlebot3_example/lib/python3.10/site-packages/turtlebot3_example/turtlebot3_obstacle_detection/turtlebot3_obstacle_detection.py to turtlebot3_obstacle_detection.cpython-310.pyc
[1.678s] byte-compiling /home/tumwfml-ubunt6/ros2_ws/src/turtlebot3_ws/install/turtlebot3_example/lib/python3.10/site-packages/turtlebot3_example/turtlebot3_obstacle_detection/main.py to main.cpython-310.pyc
[1.678s] byte-compiling /home/tumwfml-ubunt6/ros2_ws/src/turtlebot3_ws/install/turtlebot3_example/lib/python3.10/site-packages/turtlebot3_example/turtlebot3_obstacle_detection/__init__.py to __init__.cpython-310.pyc
[1.678s] byte-compiling /home/tumwfml-ubunt6/ros2_ws/src/turtlebot3_ws/install/turtlebot3_example/lib/python3.10/site-packages/turtlebot3_example/turtlebot3_patrol_server/turtlebot3_path.py to turtlebot3_path.cpython-310.pyc
[1.678s] byte-compiling /home/tumwfml-ubunt6/ros2_ws/src/turtlebot3_ws/install/turtlebot3_example/lib/python3.10/site-packages/turtlebot3_example/turtlebot3_patrol_server/main.py to main.cpython-310.pyc
[1.679s] byte-compiling /home/tumwfml-ubunt6/ros2_ws/src/turtlebot3_ws/install/turtlebot3_example/lib/python3.10/site-packages/turtlebot3_example/turtlebot3_patrol_server/turtlebot3_patrol_server.py to turtlebot3_patrol_server.cpython-310.pyc
[1.679s] byte-compiling /home/tumwfml-ubunt6/ros2_ws/src/turtlebot3_ws/install/turtlebot3_example/lib/python3.10/site-packages/turtlebot3_example/turtlebot3_patrol_server/__init__.py to __init__.cpython-310.pyc
[1.679s] byte-compiling /home/tumwfml-ubunt6/ros2_ws/src/turtlebot3_ws/install/turtlebot3_example/lib/python3.10/site-packages/turtlebot3_example/__init__.py to __init__.cpython-310.pyc
[1.680s] byte-compiling /home/tumwfml-ubunt6/ros2_ws/src/turtlebot3_ws/install/turtlebot3_example/lib/python3.10/site-packages/turtlebot3_example/turtlebot3_position_control/turtlebot3_path.py to turtlebot3_path.cpython-310.pyc
[1.680s] byte-compiling /home/tumwfml-ubunt6/ros2_ws/src/turtlebot3_ws/install/turtlebot3_example/lib/python3.10/site-packages/turtlebot3_example/turtlebot3_position_control/main.py to main.cpython-310.pyc
[1.680s] byte-compiling /home/tumwfml-ubunt6/ros2_ws/src/turtlebot3_ws/install/turtlebot3_example/lib/python3.10/site-packages/turtlebot3_example/turtlebot3_position_control/turtlebot3_position_control.py to turtlebot3_position_control.cpython-310.pyc
[1.681s] byte-compiling /home/tumwfml-ubunt6/ros2_ws/src/turtlebot3_ws/install/turtlebot3_example/lib/python3.10/site-packages/turtlebot3_example/turtlebot3_position_control/__init__.py to __init__.cpython-310.pyc
[1.681s] running install_data
[1.681s] creating /home/tumwfml-ubunt6/ros2_ws/src/turtlebot3_ws/install/turtlebot3_example/share/ament_index
[1.682s] creating /home/tumwfml-ubunt6/ros2_ws/src/turtlebot3_ws/install/turtlebot3_example/share/ament_index/resource_index
[1.682s] creating /home/tumwfml-ubunt6/ros2_ws/src/turtlebot3_ws/install/turtlebot3_example/share/ament_index/resource_index/packages
[1.682s] copying resource/turtlebot3_example -> /home/tumwfml-ubunt6/ros2_ws/src/turtlebot3_ws/install/turtlebot3_example/share/ament_index/resource_index/packages
[1.682s] copying package.xml -> /home/tumwfml-ubunt6/ros2_ws/src/turtlebot3_ws/install/turtlebot3_example/share/turtlebot3_example
[1.682s] running install_egg_info
[1.711s] Copying ../../../build/turtlebot3_example/turtlebot3_example.egg-info to /home/tumwfml-ubunt6/ros2_ws/src/turtlebot3_ws/install/turtlebot3_example/lib/python3.10/site-packages/turtlebot3_example-2.1.5-py3.10.egg-info
[1.712s] running install_scripts
[1.937s] Installing turtlebot3_obstacle_detection script to /home/tumwfml-ubunt6/ros2_ws/src/turtlebot3_ws/install/turtlebot3_example/lib/turtlebot3_example
[1.937s] Installing turtlebot3_patrol_client script to /home/tumwfml-ubunt6/ros2_ws/src/turtlebot3_ws/install/turtlebot3_example/lib/turtlebot3_example
[1.938s] Installing turtlebot3_patrol_server script to /home/tumwfml-ubunt6/ros2_ws/src/turtlebot3_ws/install/turtlebot3_example/lib/turtlebot3_example
[1.938s] Installing turtlebot3_position_control script to /home/tumwfml-ubunt6/ros2_ws/src/turtlebot3_ws/install/turtlebot3_example/lib/turtlebot3_example
[1.939s] writing list of installed files to '/home/tumwfml-ubunt6/ros2_ws/src/turtlebot3_ws/build/turtlebot3_example/install.log'
[1.968s] Invoked command in '/home/tumwfml-ubunt6/ros2_ws/src/turtlebot3_ws/src/turtlebot3/turtlebot3_example' returned '0': AMENT_PREFIX_PATH=/home/tumwfml-ubunt6/ros2_ws/src/turtlebot3_ws/install/turtlebot3_msgs:${AMENT_PREFIX_PATH} CMAKE_PREFIX_PATH=/home/tumwfml-ubunt6/ros2_ws/src/turtlebot3_ws/install/turtlebot3_msgs:${CMAKE_PREFIX_PATH} LD_LIBRARY_PATH=/home/tumwfml-ubunt6/ros2_ws/src/turtlebot3_ws/install/turtlebot3_msgs/lib:/home/tumwfml-ubunt6/ros2_ws/install/yolov8_msgs/lib:/home/tumwfml-ubunt6/ros2_ws/install/turtlebot3_msgs/lib:/home/tumwfml-ubunt6/ros2_ws/install/dynamixel_sdk_custom_interfaces/lib:/home/tumwfml-ubunt6/ros2_ws/install/dynamixel_sdk/lib:/usr/lib/x86_64-linux-gnu/gazebo-11/plugins:/opt/ros/humble/opt/rviz_ogre_vendor/lib:/opt/ros/humble/lib/x86_64-linux-gnu:/opt/ros/humble/lib:/usr/share/gazebo/../../lib/x86_64-linux-gnu/gazebo-11/plugins:/usr/share/gazebo/../../lib/x86_64-linux-gnu/gazebo-11/plugins:/usr/share/gazebo/../../lib/x86_64-linux-gnu/gazebo-11/plugins:/usr/share/gazebo/../../lib/x86_64-linux-gnu/gazebo-11/plugins:/usr/share/gazebo/../../lib/x86_64-linux-gnu/gazebo-11/plugins:/usr/share/gazebo/../../lib/x86_64-linux-gnu/gazebo-11/plugins PYTHONPATH=/home/tumwfml-ubunt6/ros2_ws/src/turtlebot3_ws/build/turtlebot3_example/prefix_override:/usr/lib/python3/dist-packages/colcon_core/task/python/colcon_distutils_commands:/home/tumwfml-ubunt6/ros2_ws/src/turtlebot3_ws/install/turtlebot3_example/lib/python3.10/site-packages:/home/tumwfml-ubunt6/ros2_ws/src/turtlebot3_ws/install/turtlebot3_msgs/local/lib/python3.10/dist-packages:${PYTHONPATH} /usr/bin/python3 -W ignore:setup.py install is deprecated setup.py egg_info --egg-base ../../../build/turtlebot3_example build --build-base /home/tumwfml-ubunt6/ros2_ws/src/turtlebot3_ws/build/turtlebot3_example/build install --record /home/tumwfml-ubunt6/ros2_ws/src/turtlebot3_ws/build/turtlebot3_example/install.log --single-version-externally-managed install_data
