[1.730s] Invoking command in '/home/tumwfml-ubunt6/ros2_ws/src/turtlebot3_ws/src/turtlebot3/turtlebot3_teleop': PYTHONPATH=/home/tumwfml-ubunt6/ros2_ws/src/turtlebot3_ws/build/turtlebot3_teleop/prefix_override:/usr/lib/python3/dist-packages/colcon_core/task/python/colcon_distutils_commands:/home/tumwfml-ubunt6/ros2_ws/src/turtlebot3_ws/install/turtlebot3_teleop/lib/python3.10/site-packages:${PYTHONPATH} /usr/bin/python3 -W ignore:setup.py install is deprecated setup.py egg_info --egg-base ../../../build/turtlebot3_teleop build --build-base /home/tumwfml-ubunt6/ros2_ws/src/turtlebot3_ws/build/turtlebot3_teleop/build install --record /home/tumwfml-ubunt6/ros2_ws/src/turtlebot3_ws/build/turtlebot3_teleop/install.log --single-version-externally-managed install_data
[2.263s] running egg_info
[2.264s] creating ../../../build/turtlebot3_teleop/turtlebot3_teleop.egg-info
[2.294s] writing ../../../build/turtlebot3_teleop/turtlebot3_teleop.egg-info/PKG-INFO
[2.295s] writing dependency_links to ../../../build/turtlebot3_teleop/turtlebot3_teleop.egg-info/dependency_links.txt
[2.295s] writing entry points to ../../../build/turtlebot3_teleop/turtlebot3_teleop.egg-info/entry_points.txt
[2.295s] writing requirements to ../../../build/turtlebot3_teleop/turtlebot3_teleop.egg-info/requires.txt
[2.296s] writing top-level names to ../../../build/turtlebot3_teleop/turtlebot3_teleop.egg-info/top_level.txt
[2.296s] writing manifest file '../../../build/turtlebot3_teleop/turtlebot3_teleop.egg-info/SOURCES.txt'
[2.359s] reading manifest file '../../../build/turtlebot3_teleop/turtlebot3_teleop.egg-info/SOURCES.txt'
[2.359s] writing manifest file '../../../build/turtlebot3_teleop/turtlebot3_teleop.egg-info/SOURCES.txt'
[2.360s] running build
[2.360s] running build_py
[2.360s] creating /home/tumwfml-ubunt6/ros2_ws/src/turtlebot3_ws/build/turtlebot3_teleop/build
[2.360s] creating /home/tumwfml-ubunt6/ros2_ws/src/turtlebot3_ws/build/turtlebot3_teleop/build/lib
[2.360s] creating /home/tumwfml-ubunt6/ros2_ws/src/turtlebot3_ws/build/turtlebot3_teleop/build/lib/turtlebot3_teleop
[2.360s] copying turtlebot3_teleop/__init__.py -> /home/tumwfml-ubunt6/ros2_ws/src/turtlebot3_ws/build/turtlebot3_teleop/build/lib/turtlebot3_teleop
[2.360s] creating /home/tumwfml-ubunt6/ros2_ws/src/turtlebot3_ws/build/turtlebot3_teleop/build/lib/turtlebot3_teleop/script
[2.360s] copying turtlebot3_teleop/script/teleop_keyboard.py -> /home/tumwfml-ubunt6/ros2_ws/src/turtlebot3_ws/build/turtlebot3_teleop/build/lib/turtlebot3_teleop/script
[2.361s] copying turtlebot3_teleop/script/__init__.py -> /home/tumwfml-ubunt6/ros2_ws/src/turtlebot3_ws/build/turtlebot3_teleop/build/lib/turtlebot3_teleop/script
[2.361s] running install
[2.367s] running install_lib
[2.401s] creating /home/tumwfml-ubunt6/ros2_ws/src/turtlebot3_ws/install/turtlebot3_teleop/lib/python3.10/site-packages/turtlebot3_teleop
[2.401s] copying /home/tumwfml-ubunt6/ros2_ws/src/turtlebot3_ws/build/turtlebot3_teleop/build/lib/turtlebot3_teleop/__init__.py -> /home/tumwfml-ubunt6/ros2_ws/src/turtlebot3_ws/install/turtlebot3_teleop/lib/python3.10/site-packages/turtlebot3_teleop
[2.401s] creating /home/tumwfml-ubunt6/ros2_ws/src/turtlebot3_ws/install/turtlebot3_teleop/lib/python3.10/site-packages/turtlebot3_teleop/script
[2.401s] copying /home/tumwfml-ubunt6/ros2_ws/src/turtlebot3_ws/build/turtlebot3_teleop/build/lib/turtlebot3_teleop/script/teleop_keyboard.py -> /home/tumwfml-ubunt6/ros2_ws/src/turtlebot3_ws/install/turtlebot3_teleop/lib/python3.10/site-packages/turtlebot3_teleop/script
[2.401s] copying /home/tumwfml-ubunt6/ros2_ws/src/turtlebot3_ws/build/turtlebot3_teleop/build/lib/turtlebot3_teleop/script/__init__.py -> /home/tumwfml-ubunt6/ros2_ws/src/turtlebot3_ws/install/turtlebot3_teleop/lib/python3.10/site-packages/turtlebot3_teleop/script
[2.402s] byte-compiling /home/tumwfml-ubunt6/ros2_ws/src/turtlebot3_ws/install/turtlebot3_teleop/lib/python3.10/site-packages/turtlebot3_teleop/__init__.py to __init__.cpython-310.pyc
[2.402s] byte-compiling /home/tumwfml-ubunt6/ros2_ws/src/turtlebot3_ws/install/turtlebot3_teleop/lib/python3.10/site-packages/turtlebot3_teleop/script/teleop_keyboard.py to teleop_keyboard.cpython-310.pyc
[2.403s] byte-compiling /home/tumwfml-ubunt6/ros2_ws/src/turtlebot3_ws/install/turtlebot3_teleop/lib/python3.10/site-packages/turtlebot3_teleop/script/__init__.py to __init__.cpython-310.pyc
[2.404s] running install_data
[2.404s] creating /home/tumwfml-ubunt6/ros2_ws/src/turtlebot3_ws/install/turtlebot3_teleop/share/ament_index
[2.404s] creating /home/tumwfml-ubunt6/ros2_ws/src/turtlebot3_ws/install/turtlebot3_teleop/share/ament_index/resource_index
[2.404s] creating /home/tumwfml-ubunt6/ros2_ws/src/turtlebot3_ws/install/turtlebot3_teleop/share/ament_index/resource_index/packages
[2.404s] copying resource/turtlebot3_teleop -> /home/tumwfml-ubunt6/ros2_ws/src/turtlebot3_ws/install/turtlebot3_teleop/share/ament_index/resource_index/packages
[2.404s] copying package.xml -> /home/tumwfml-ubunt6/ros2_ws/src/turtlebot3_ws/install/turtlebot3_teleop/share/turtlebot3_teleop
[2.404s] running install_egg_info
[2.437s] Copying ../../../build/turtlebot3_teleop/turtlebot3_teleop.egg-info to /home/tumwfml-ubunt6/ros2_ws/src/turtlebot3_ws/install/turtlebot3_teleop/lib/python3.10/site-packages/turtlebot3_teleop-2.1.5-py3.10.egg-info
[2.438s] running install_scripts
[2.711s] Installing teleop_keyboard script to /home/tumwfml-ubunt6/ros2_ws/src/turtlebot3_ws/install/turtlebot3_teleop/lib/turtlebot3_teleop
[2.712s] writing list of installed files to '/home/tumwfml-ubunt6/ros2_ws/src/turtlebot3_ws/build/turtlebot3_teleop/install.log'
[2.745s] Invoked command in '/home/tumwfml-ubunt6/ros2_ws/src/turtlebot3_ws/src/turtlebot3/turtlebot3_teleop' returned '0': PYTHONPATH=/home/tumwfml-ubunt6/ros2_ws/src/turtlebot3_ws/build/turtlebot3_teleop/prefix_override:/usr/lib/python3/dist-packages/colcon_core/task/python/colcon_distutils_commands:/home/tumwfml-ubunt6/ros2_ws/src/turtlebot3_ws/install/turtlebot3_teleop/lib/python3.10/site-packages:${PYTHONPATH} /usr/bin/python3 -W ignore:setup.py install is deprecated setup.py egg_info --egg-base ../../../build/turtlebot3_teleop build --build-base /home/tumwfml-ubunt6/ros2_ws/src/turtlebot3_ws/build/turtlebot3_teleop/build install --record /home/tumwfml-ubunt6/ros2_ws/src/turtlebot3_ws/build/turtlebot3_teleop/install.log --single-version-externally-managed install_data
