[0.057s] Invoking command in '/home/tumwfml-ubunt6/ros2_ws/src/turtlebot3_ws/build/dynamixel_sdk_custom_interfaces': CMAKE_PREFIX_PATH=${CMAKE_PREFIX_PATH}:/home/tumwfml-ubunt6/ros2_ws/install/warehouse_robot_spawner_pkg:/home/tumwfml-ubunt6/ros2_ws/install/turtlebot3_teleop:/home/tumwfml-ubunt6/ros2_ws/install/turtlebot3_example:/opt/ros/humble /home/tumwfml-ubunt6/.local/bin/cmake /home/tumwfml-ubunt6/ros2_ws/src/turtlebot3_ws/src/DynamixelSDK/dynamixel_sdk_custom_interfaces -DCMAKE_INSTALL_PREFIX=/home/tumwfml-ubunt6/ros2_ws/src/turtlebot3_ws/install/dynamixel_sdk_custom_interfaces
[0.437s] -- The C compiler identification is GNU 11.4.0
[0.437s] -- The CXX compiler identification is GNU 11.4.0
[0.437s] -- Detecting C compiler ABI info
[0.437s] -- Detecting C compiler ABI info - done
[0.441s] -- Check for working C compiler: /usr/bin/cc - skipped
[0.441s] -- Detecting C compile features
[0.443s] -- Detecting C compile features - done
[0.444s] -- Detecting CXX compiler ABI info
[0.549s] -- Detecting CXX compiler ABI info - done
[0.574s] -- Check for working CXX compiler: /usr/bin/c++ - skipped
[0.574s] -- Detecting CXX compile features
[0.575s] -- Detecting CXX compile features - done
[0.583s] -- Found ament_cmake: 1.3.9 (/opt/ros/humble/share/ament_cmake/cmake)
[0.801s] -- Found Python3: /usr/bin/python3 (found version "3.10.12") found components: Interpreter
[0.988s] -- Found builtin_interfaces: 1.2.1 (/opt/ros/humble/share/builtin_interfaces/cmake)
[1.081s] -- Found rosidl_generator_c: 3.1.5 (/opt/ros/humble/share/rosidl_generator_c/cmake)
[1.101s] -- Found rosidl_adapter: 3.1.5 (/opt/ros/humble/share/rosidl_adapter/cmake)
[1.129s] -- Found rosidl_generator_cpp: 3.1.5 (/opt/ros/humble/share/rosidl_generator_cpp/cmake)
[1.158s] -- Using all available rosidl_typesupport_c: rosidl_typesupport_fastrtps_c;rosidl_typesupport_introspection_c
[1.197s] -- Using all available rosidl_typesupport_cpp: rosidl_typesupport_fastrtps_cpp;rosidl_typesupport_introspection_cpp
[1.237s] -- Found rosidl_default_generators: 1.2.0 (/opt/ros/humble/share/rosidl_default_generators/cmake)
[2.117s] -- Found ament_cmake_ros: 0.10.0 (/opt/ros/humble/share/ament_cmake_ros/cmake)
[3.085s] -- Using all available rosidl_typesupport_c: rosidl_typesupport_fastrtps_c;rosidl_typesupport_introspection_c
[3.491s] -- Using all available rosidl_typesupport_cpp: rosidl_typesupport_fastrtps_cpp;rosidl_typesupport_introspection_cpp
[3.497s] [33mCMake Warning (dev) at /opt/ros/humble/share/rosidl_generator_py/cmake/rosidl_generator_py_generate_interfaces.cmake:20 (find_package):
[3.497s]   Policy CMP0148 is not set: The FindPythonInterp and FindPythonLibs modules
[3.497s]   are removed.  Run "cmake --help-policy CMP0148" for policy details.  Use
[3.498s]   the cmake_policy command to set the policy and suppress this warning.
[3.498s] 
[3.498s] Call Stack (most recent call first):
[3.498s]   /opt/ros/humble/share/ament_cmake_core/cmake/core/ament_execute_extensions.cmake:48 (include)
[3.498s]   /opt/ros/humble/share/rosidl_cmake/cmake/rosidl_generate_interfaces.cmake:286 (ament_execute_extensions)
[3.498s]   CMakeLists.txt:26 (rosidl_generate_interfaces)
[3.499s] This warning is for project developers.  Use -Wno-dev to suppress it.
[3.499s] [0m
[3.527s] -- Found PythonInterp: /usr/bin/python3 (found suitable version "3.10.12", minimum required is "3.6")
[3.539s] -- Found python_cmake_module: 0.10.0 (/opt/ros/humble/share/python_cmake_module/cmake)
[3.540s] [33mCMake Warning (dev) at /opt/ros/humble/share/python_cmake_module/cmake/Modules/FindPythonExtra.cmake:52 (find_package):
[3.540s]   Policy CMP0148 is not set: The FindPythonInterp and FindPythonLibs modules
[3.540s]   are removed.  Run "cmake --help-policy CMP0148" for policy details.  Use
[3.540s]   the cmake_policy command to set the policy and suppress this warning.
[3.541s] 
[3.541s] Call Stack (most recent call first):
[3.541s]   /opt/ros/humble/share/rosidl_generator_py/cmake/rosidl_generator_py_generate_interfaces.cmake:23 (find_package)
[3.541s]   /opt/ros/humble/share/ament_cmake_core/cmake/core/ament_execute_extensions.cmake:48 (include)
[3.541s]   /opt/ros/humble/share/rosidl_cmake/cmake/rosidl_generate_interfaces.cmake:286 (ament_execute_extensions)
[3.541s]   CMakeLists.txt:26 (rosidl_generate_interfaces)
[3.542s] This warning is for project developers.  Use -Wno-dev to suppress it.
[3.542s] [0m
[3.576s] [33mCMake Warning (dev) at /opt/ros/humble/share/python_cmake_module/cmake/Modules/FindPythonExtra.cmake:140 (find_package):
[3.577s]   Policy CMP0148 is not set: The FindPythonInterp and FindPythonLibs modules
[3.577s]   are removed.  Run "cmake --help-policy CMP0148" for policy details.  Use
[3.577s]   the cmake_policy command to set the policy and suppress this warning.
[3.577s] 
[3.578s] Call Stack (most recent call first):
[3.578s]   /opt/ros/humble/share/rosidl_generator_py/cmake/rosidl_generator_py_generate_interfaces.cmake:23 (find_package)
[3.578s]   /opt/ros/humble/share/ament_cmake_core/cmake/core/ament_execute_extensions.cmake:48 (include)
[3.578s]   /opt/ros/humble/share/rosidl_cmake/cmake/rosidl_generate_interfaces.cmake:286 (ament_execute_extensions)
[3.579s]   CMakeLists.txt:26 (rosidl_generate_interfaces)
[3.579s] This warning is for project developers.  Use -Wno-dev to suppress it.
[3.579s] [0m
[3.597s] -- Found PythonLibs: /usr/lib/x86_64-linux-gnu/libpython3.10.so (found suitable version "3.10.12", minimum required is "3.5")
[3.598s] -- Using PYTHON_EXECUTABLE: /usr/bin/python3
[3.598s] -- Using PYTHON_INCLUDE_DIRS: /usr/include/python3.10
[3.598s] -- Using PYTHON_LIBRARIES: /usr/lib/x86_64-linux-gnu/libpython3.10.so
[3.625s] -- Found PythonExtra: .so
[3.772s] -- Configuring done (3.6s)
[3.814s] -- Generating done (0.0s)
[3.818s] -- Build files have been written to: /home/tumwfml-ubunt6/ros2_ws/src/turtlebot3_ws/build/dynamixel_sdk_custom_interfaces
[3.841s] Invoked command in '/home/tumwfml-ubunt6/ros2_ws/src/turtlebot3_ws/build/dynamixel_sdk_custom_interfaces' returned '0': CMAKE_PREFIX_PATH=${CMAKE_PREFIX_PATH}:/home/tumwfml-ubunt6/ros2_ws/install/warehouse_robot_spawner_pkg:/home/tumwfml-ubunt6/ros2_ws/install/turtlebot3_teleop:/home/tumwfml-ubunt6/ros2_ws/install/turtlebot3_example:/opt/ros/humble /home/tumwfml-ubunt6/.local/bin/cmake /home/tumwfml-ubunt6/ros2_ws/src/turtlebot3_ws/src/DynamixelSDK/dynamixel_sdk_custom_interfaces -DCMAKE_INSTALL_PREFIX=/home/tumwfml-ubunt6/ros2_ws/src/turtlebot3_ws/install/dynamixel_sdk_custom_interfaces
[3.844s] Invoking command in '/home/tumwfml-ubunt6/ros2_ws/src/turtlebot3_ws/build/dynamixel_sdk_custom_interfaces': CMAKE_PREFIX_PATH=${CMAKE_PREFIX_PATH}:/home/tumwfml-ubunt6/ros2_ws/install/warehouse_robot_spawner_pkg:/home/tumwfml-ubunt6/ros2_ws/install/turtlebot3_teleop:/home/tumwfml-ubunt6/ros2_ws/install/turtlebot3_example:/opt/ros/humble /home/tumwfml-ubunt6/.local/bin/cmake --build /home/tumwfml-ubunt6/ros2_ws/src/turtlebot3_ws/build/dynamixel_sdk_custom_interfaces -- -j12 -l12
[3.959s] [  2%] [34m[1mGenerating C code for ROS interfaces[0m
[3.966s] [  5%] [34m[1mGenerating C++ code for ROS interfaces[0m
[3.980s] [  5%] Built target ament_cmake_python_copy_dynamixel_sdk_custom_interfaces
[4.275s] running egg_info
[4.276s] creating dynamixel_sdk_custom_interfaces.egg-info
[4.304s] writing dynamixel_sdk_custom_interfaces.egg-info/PKG-INFO
[4.304s] writing dependency_links to dynamixel_sdk_custom_interfaces.egg-info/dependency_links.txt
[4.305s] writing top-level names to dynamixel_sdk_custom_interfaces.egg-info/top_level.txt
[4.305s] writing manifest file 'dynamixel_sdk_custom_interfaces.egg-info/SOURCES.txt'
[4.315s] [  5%] Built target dynamixel_sdk_custom_interfaces__cpp
[4.323s] [  7%] [34m[1mGenerating C++ type support for eProsima Fast-RTPS[0m
[4.323s] [ 10%] [34m[1mGenerating C++ type support dispatch for ROS interfaces[0m
[4.324s] [ 12%] [34m[1mGenerating C++ introspection for ROS interfaces[0m
[4.377s] [ 15%] [32mBuilding C object CMakeFiles/dynamixel_sdk_custom_interfaces__rosidl_generator_c.dir/rosidl_generator_c/dynamixel_sdk_custom_interfaces/srv/detail/get_position__functions.c.o[0m
[4.377s] [ 17%] [32mBuilding C object CMakeFiles/dynamixel_sdk_custom_interfaces__rosidl_generator_c.dir/rosidl_generator_c/dynamixel_sdk_custom_interfaces/msg/detail/set_position__functions.c.o[0m
[4.419s] reading manifest file 'dynamixel_sdk_custom_interfaces.egg-info/SOURCES.txt'
[4.420s] writing manifest file 'dynamixel_sdk_custom_interfaces.egg-info/SOURCES.txt'
[4.441s] [ 20%] [32m[1mLinking C shared library libdynamixel_sdk_custom_interfaces__rosidl_generator_c.so[0m
[4.455s] [ 20%] Built target ament_cmake_python_build_dynamixel_sdk_custom_interfaces_egg
[4.480s] [ 20%] Built target dynamixel_sdk_custom_interfaces__rosidl_generator_c
[4.490s] [ 28%] [34m[1mGenerating C type support dispatch for ROS interfaces[0m
[4.490s] [ 28%] [34m[1mGenerating C introspection for ROS interfaces[0m
[4.490s] [ 28%] [34m[1mGenerating C type support for eProsima Fast-RTPS[0m
[4.702s] [ 30%] [32mBuilding CXX object CMakeFiles/dynamixel_sdk_custom_interfaces__rosidl_typesupport_cpp.dir/rosidl_typesupport_cpp/dynamixel_sdk_custom_interfaces/msg/set_position__type_support.cpp.o[0m
[4.704s] [ 33%] [32mBuilding CXX object CMakeFiles/dynamixel_sdk_custom_interfaces__rosidl_typesupport_cpp.dir/rosidl_typesupport_cpp/dynamixel_sdk_custom_interfaces/srv/get_position__type_support.cpp.o[0m
[4.706s] [ 35%] [32mBuilding CXX object CMakeFiles/dynamixel_sdk_custom_interfaces__rosidl_typesupport_introspection_cpp.dir/rosidl_typesupport_introspection_cpp/dynamixel_sdk_custom_interfaces/msg/detail/set_position__type_support.cpp.o[0m
[4.707s] [ 38%] [32mBuilding CXX object CMakeFiles/dynamixel_sdk_custom_interfaces__rosidl_typesupport_introspection_cpp.dir/rosidl_typesupport_introspection_cpp/dynamixel_sdk_custom_interfaces/srv/detail/get_position__type_support.cpp.o[0m
[4.845s] [ 43%] [32mBuilding CXX object CMakeFiles/dynamixel_sdk_custom_interfaces__rosidl_typesupport_fastrtps_cpp.dir/rosidl_typesupport_fastrtps_cpp/dynamixel_sdk_custom_interfaces/srv/detail/dds_fastrtps/get_position__type_support.cpp.o[0m
[4.845s] [ 43%] [32mBuilding CXX object CMakeFiles/dynamixel_sdk_custom_interfaces__rosidl_typesupport_fastrtps_cpp.dir/rosidl_typesupport_fastrtps_cpp/dynamixel_sdk_custom_interfaces/msg/detail/dds_fastrtps/set_position__type_support.cpp.o[0m
[4.973s] [ 46%] [32mBuilding CXX object CMakeFiles/dynamixel_sdk_custom_interfaces__rosidl_typesupport_fastrtps_c.dir/rosidl_typesupport_fastrtps_c/dynamixel_sdk_custom_interfaces/msg/detail/set_position__type_support_c.cpp.o[0m
[4.975s] [ 48%] [32mBuilding CXX object CMakeFiles/dynamixel_sdk_custom_interfaces__rosidl_typesupport_fastrtps_c.dir/rosidl_typesupport_fastrtps_c/dynamixel_sdk_custom_interfaces/srv/detail/get_position__type_support_c.cpp.o[0m
[4.980s] [ 51%] [32mBuilding CXX object CMakeFiles/dynamixel_sdk_custom_interfaces__rosidl_typesupport_c.dir/rosidl_typesupport_c/dynamixel_sdk_custom_interfaces/msg/set_position__type_support.cpp.o[0m
[4.990s] [ 53%] [32mBuilding CXX object CMakeFiles/dynamixel_sdk_custom_interfaces__rosidl_typesupport_c.dir/rosidl_typesupport_c/dynamixel_sdk_custom_interfaces/srv/get_position__type_support.cpp.o[0m
[5.066s] [ 56%] [32m[1mLinking CXX shared library libdynamixel_sdk_custom_interfaces__rosidl_typesupport_c.so[0m
[5.091s] [ 58%] [32mBuilding C object CMakeFiles/dynamixel_sdk_custom_interfaces__rosidl_typesupport_introspection_c.dir/rosidl_typesupport_introspection_c/dynamixel_sdk_custom_interfaces/msg/detail/set_position__type_support.c.o[0m
[5.091s] [ 61%] [32mBuilding C object CMakeFiles/dynamixel_sdk_custom_interfaces__rosidl_typesupport_introspection_c.dir/rosidl_typesupport_introspection_c/dynamixel_sdk_custom_interfaces/srv/detail/get_position__type_support.c.o[0m
[5.125s] [ 64%] [32m[1mLinking CXX shared library libdynamixel_sdk_custom_interfaces__rosidl_typesupport_cpp.so[0m
[5.145s] [ 66%] [32m[1mLinking C shared library libdynamixel_sdk_custom_interfaces__rosidl_typesupport_introspection_c.so[0m
[5.151s] [ 66%] Built target dynamixel_sdk_custom_interfaces__rosidl_typesupport_c
[5.188s] [ 66%] Built target dynamixel_sdk_custom_interfaces__rosidl_typesupport_introspection_c
[5.189s] [ 66%] Built target dynamixel_sdk_custom_interfaces__rosidl_typesupport_cpp
[5.276s] [ 69%] [32m[1mLinking CXX shared library libdynamixel_sdk_custom_interfaces__rosidl_typesupport_introspection_cpp.so[0m
[5.316s] [ 69%] Built target dynamixel_sdk_custom_interfaces__rosidl_typesupport_introspection_cpp
[5.386s] [ 71%] [32m[1mLinking CXX shared library libdynamixel_sdk_custom_interfaces__rosidl_typesupport_fastrtps_cpp.so[0m
[5.453s] [ 74%] [32m[1mLinking CXX shared library libdynamixel_sdk_custom_interfaces__rosidl_typesupport_fastrtps_c.so[0m
[5.466s] [ 74%] Built target dynamixel_sdk_custom_interfaces__rosidl_typesupport_fastrtps_cpp
[5.533s] [ 74%] Built target dynamixel_sdk_custom_interfaces__rosidl_typesupport_fastrtps_c
[5.545s] [ 74%] Built target dynamixel_sdk_custom_interfaces
[5.557s] [ 76%] [34m[1mGenerating Python code for ROS interfaces[0m
[6.090s] [ 76%] Built target dynamixel_sdk_custom_interfaces__py
[6.106s] [ 79%] [32mBuilding C object CMakeFiles/dynamixel_sdk_custom_interfaces__rosidl_generator_py.dir/rosidl_generator_py/dynamixel_sdk_custom_interfaces/msg/_set_position_s.c.o[0m
[6.108s] [ 82%] [32mBuilding C object CMakeFiles/dynamixel_sdk_custom_interfaces__rosidl_generator_py.dir/rosidl_generator_py/dynamixel_sdk_custom_interfaces/srv/_get_position_s.c.o[0m
[6.275s] [ 84%] [32m[1mLinking C shared library rosidl_generator_py/dynamixel_sdk_custom_interfaces/libdynamixel_sdk_custom_interfaces__rosidl_generator_py.so[0m
[6.322s] [ 84%] Built target dynamixel_sdk_custom_interfaces__rosidl_generator_py
[6.340s] [ 89%] [32mBuilding C object CMakeFiles/dynamixel_sdk_custom_interfaces__rosidl_typesupport_fastrtps_c__pyext.dir/rosidl_generator_py/dynamixel_sdk_custom_interfaces/_dynamixel_sdk_custom_interfaces_s.ep.rosidl_typesupport_fastrtps_c.c.o[0m
[6.340s] [ 89%] [32mBuilding C object CMakeFiles/dynamixel_sdk_custom_interfaces__rosidl_typesupport_introspection_c__pyext.dir/rosidl_generator_py/dynamixel_sdk_custom_interfaces/_dynamixel_sdk_custom_interfaces_s.ep.rosidl_typesupport_introspection_c.c.o[0m
[6.340s] [ 92%] [32mBuilding C object CMakeFiles/dynamixel_sdk_custom_interfaces__rosidl_typesupport_c__pyext.dir/rosidl_generator_py/dynamixel_sdk_custom_interfaces/_dynamixel_sdk_custom_interfaces_s.ep.rosidl_typesupport_c.c.o[0m
[6.515s] [ 94%] [32m[1mLinking C shared library rosidl_generator_py/dynamixel_sdk_custom_interfaces/dynamixel_sdk_custom_interfaces_s__rosidl_typesupport_c.cpython-310-x86_64-linux-gnu.so[0m
[6.515s] [ 97%] [32m[1mLinking C shared library rosidl_generator_py/dynamixel_sdk_custom_interfaces/dynamixel_sdk_custom_interfaces_s__rosidl_typesupport_fastrtps_c.cpython-310-x86_64-linux-gnu.so[0m
[6.516s] [100%] [32m[1mLinking C shared library rosidl_generator_py/dynamixel_sdk_custom_interfaces/dynamixel_sdk_custom_interfaces_s__rosidl_typesupport_introspection_c.cpython-310-x86_64-linux-gnu.so[0m
[6.559s] [100%] Built target dynamixel_sdk_custom_interfaces__rosidl_typesupport_fastrtps_c__pyext
[6.560s] [100%] Built target dynamixel_sdk_custom_interfaces__rosidl_typesupport_introspection_c__pyext
[6.560s] [100%] Built target dynamixel_sdk_custom_interfaces__rosidl_typesupport_c__pyext
[6.588s] Invoked command in '/home/tumwfml-ubunt6/ros2_ws/src/turtlebot3_ws/build/dynamixel_sdk_custom_interfaces' returned '0': CMAKE_PREFIX_PATH=${CMAKE_PREFIX_PATH}:/home/tumwfml-ubunt6/ros2_ws/install/warehouse_robot_spawner_pkg:/home/tumwfml-ubunt6/ros2_ws/install/turtlebot3_teleop:/home/tumwfml-ubunt6/ros2_ws/install/turtlebot3_example:/opt/ros/humble /home/tumwfml-ubunt6/.local/bin/cmake --build /home/tumwfml-ubunt6/ros2_ws/src/turtlebot3_ws/build/dynamixel_sdk_custom_interfaces -- -j12 -l12
[6.934s] Invoking command in '/home/tumwfml-ubunt6/ros2_ws/src/turtlebot3_ws/build/dynamixel_sdk_custom_interfaces': CMAKE_PREFIX_PATH=${CMAKE_PREFIX_PATH}:/home/tumwfml-ubunt6/ros2_ws/install/warehouse_robot_spawner_pkg:/home/tumwfml-ubunt6/ros2_ws/install/turtlebot3_teleop:/home/tumwfml-ubunt6/ros2_ws/install/turtlebot3_example:/opt/ros/humble /home/tumwfml-ubunt6/.local/bin/cmake --install /home/tumwfml-ubunt6/ros2_ws/src/turtlebot3_ws/build/dynamixel_sdk_custom_interfaces
[7.082s] -- Install configuration: ""
[7.083s] -- Installing: /home/tumwfml-ubunt6/ros2_ws/src/turtlebot3_ws/install/dynamixel_sdk_custom_interfaces/share/ament_index/resource_index/rosidl_interfaces/dynamixel_sdk_custom_interfaces
[7.083s] -- Installing: /home/tumwfml-ubunt6/ros2_ws/src/turtlebot3_ws/install/dynamixel_sdk_custom_interfaces/include/dynamixel_sdk_custom_interfaces/dynamixel_sdk_custom_interfaces
[7.083s] -- Installing: /home/tumwfml-ubunt6/ros2_ws/src/turtlebot3_ws/install/dynamixel_sdk_custom_interfaces/include/dynamixel_sdk_custom_interfaces/dynamixel_sdk_custom_interfaces/srv
[7.084s] -- Installing: /home/tumwfml-ubunt6/ros2_ws/src/turtlebot3_ws/install/dynamixel_sdk_custom_interfaces/include/dynamixel_sdk_custom_interfaces/dynamixel_sdk_custom_interfaces/srv/get_position.h
[7.084s] -- Installing: /home/tumwfml-ubunt6/ros2_ws/src/turtlebot3_ws/install/dynamixel_sdk_custom_interfaces/include/dynamixel_sdk_custom_interfaces/dynamixel_sdk_custom_interfaces/srv/detail
[7.084s] -- Installing: /home/tumwfml-ubunt6/ros2_ws/src/turtlebot3_ws/install/dynamixel_sdk_custom_interfaces/include/dynamixel_sdk_custom_interfaces/dynamixel_sdk_custom_interfaces/srv/detail/get_position__struct.h
[7.085s] -- Installing: /home/tumwfml-ubunt6/ros2_ws/src/turtlebot3_ws/install/dynamixel_sdk_custom_interfaces/include/dynamixel_sdk_custom_interfaces/dynamixel_sdk_custom_interfaces/srv/detail/get_position__type_support.h
[7.085s] -- Installing: /home/tumwfml-ubunt6/ros2_ws/src/turtlebot3_ws/install/dynamixel_sdk_custom_interfaces/include/dynamixel_sdk_custom_interfaces/dynamixel_sdk_custom_interfaces/srv/detail/get_position__functions.c
[7.085s] -- Installing: /home/tumwfml-ubunt6/ros2_ws/src/turtlebot3_ws/install/dynamixel_sdk_custom_interfaces/include/dynamixel_sdk_custom_interfaces/dynamixel_sdk_custom_interfaces/srv/detail/get_position__functions.h
[7.085s] -- Installing: /home/tumwfml-ubunt6/ros2_ws/src/turtlebot3_ws/install/dynamixel_sdk_custom_interfaces/include/dynamixel_sdk_custom_interfaces/dynamixel_sdk_custom_interfaces/msg
[7.085s] -- Installing: /home/tumwfml-ubunt6/ros2_ws/src/turtlebot3_ws/install/dynamixel_sdk_custom_interfaces/include/dynamixel_sdk_custom_interfaces/dynamixel_sdk_custom_interfaces/msg/rosidl_generator_c__visibility_control.h
[7.086s] -- Installing: /home/tumwfml-ubunt6/ros2_ws/src/turtlebot3_ws/install/dynamixel_sdk_custom_interfaces/include/dynamixel_sdk_custom_interfaces/dynamixel_sdk_custom_interfaces/msg/set_position.h
[7.086s] -- Installing: /home/tumwfml-ubunt6/ros2_ws/src/turtlebot3_ws/install/dynamixel_sdk_custom_interfaces/include/dynamixel_sdk_custom_interfaces/dynamixel_sdk_custom_interfaces/msg/detail
[7.086s] -- Installing: /home/tumwfml-ubunt6/ros2_ws/src/turtlebot3_ws/install/dynamixel_sdk_custom_interfaces/include/dynamixel_sdk_custom_interfaces/dynamixel_sdk_custom_interfaces/msg/detail/set_position__type_support.h
[7.086s] -- Installing: /home/tumwfml-ubunt6/ros2_ws/src/turtlebot3_ws/install/dynamixel_sdk_custom_interfaces/include/dynamixel_sdk_custom_interfaces/dynamixel_sdk_custom_interfaces/msg/detail/set_position__functions.h
[7.086s] -- Installing: /home/tumwfml-ubunt6/ros2_ws/src/turtlebot3_ws/install/dynamixel_sdk_custom_interfaces/include/dynamixel_sdk_custom_interfaces/dynamixel_sdk_custom_interfaces/msg/detail/set_position__functions.c
[7.087s] -- Installing: /home/tumwfml-ubunt6/ros2_ws/src/turtlebot3_ws/install/dynamixel_sdk_custom_interfaces/include/dynamixel_sdk_custom_interfaces/dynamixel_sdk_custom_interfaces/msg/detail/set_position__struct.h
[7.087s] -- Installing: /home/tumwfml-ubunt6/ros2_ws/src/turtlebot3_ws/install/dynamixel_sdk_custom_interfaces/share/dynamixel_sdk_custom_interfaces/environment/library_path.sh
[7.087s] -- Installing: /home/tumwfml-ubunt6/ros2_ws/src/turtlebot3_ws/install/dynamixel_sdk_custom_interfaces/share/dynamixel_sdk_custom_interfaces/environment/library_path.dsv
[7.088s] -- Installing: /home/tumwfml-ubunt6/ros2_ws/src/turtlebot3_ws/install/dynamixel_sdk_custom_interfaces/lib/libdynamixel_sdk_custom_interfaces__rosidl_generator_c.so
[7.088s] -- Set non-toolchain portion of runtime path of "/home/tumwfml-ubunt6/ros2_ws/src/turtlebot3_ws/install/dynamixel_sdk_custom_interfaces/lib/libdynamixel_sdk_custom_interfaces__rosidl_generator_c.so" to ""
[7.088s] -- Up-to-date: /home/tumwfml-ubunt6/ros2_ws/src/turtlebot3_ws/install/dynamixel_sdk_custom_interfaces/include/dynamixel_sdk_custom_interfaces/dynamixel_sdk_custom_interfaces
[7.089s] -- Up-to-date: /home/tumwfml-ubunt6/ros2_ws/src/turtlebot3_ws/install/dynamixel_sdk_custom_interfaces/include/dynamixel_sdk_custom_interfaces/dynamixel_sdk_custom_interfaces/srv
[7.089s] -- Up-to-date: /home/tumwfml-ubunt6/ros2_ws/src/turtlebot3_ws/install/dynamixel_sdk_custom_interfaces/include/dynamixel_sdk_custom_interfaces/dynamixel_sdk_custom_interfaces/srv/detail
[7.089s] -- Installing: /home/tumwfml-ubunt6/ros2_ws/src/turtlebot3_ws/install/dynamixel_sdk_custom_interfaces/include/dynamixel_sdk_custom_interfaces/dynamixel_sdk_custom_interfaces/srv/detail/get_position__rosidl_typesupport_fastrtps_c.h
[7.089s] -- Up-to-date: /home/tumwfml-ubunt6/ros2_ws/src/turtlebot3_ws/install/dynamixel_sdk_custom_interfaces/include/dynamixel_sdk_custom_interfaces/dynamixel_sdk_custom_interfaces/msg
[7.089s] -- Installing: /home/tumwfml-ubunt6/ros2_ws/src/turtlebot3_ws/install/dynamixel_sdk_custom_interfaces/include/dynamixel_sdk_custom_interfaces/dynamixel_sdk_custom_interfaces/msg/rosidl_typesupport_fastrtps_c__visibility_control.h
[7.089s] -- Up-to-date: /home/tumwfml-ubunt6/ros2_ws/src/turtlebot3_ws/install/dynamixel_sdk_custom_interfaces/include/dynamixel_sdk_custom_interfaces/dynamixel_sdk_custom_interfaces/msg/detail
[7.090s] -- Installing: /home/tumwfml-ubunt6/ros2_ws/src/turtlebot3_ws/install/dynamixel_sdk_custom_interfaces/include/dynamixel_sdk_custom_interfaces/dynamixel_sdk_custom_interfaces/msg/detail/set_position__rosidl_typesupport_fastrtps_c.h
[7.090s] -- Installing: /home/tumwfml-ubunt6/ros2_ws/src/turtlebot3_ws/install/dynamixel_sdk_custom_interfaces/lib/libdynamixel_sdk_custom_interfaces__rosidl_typesupport_fastrtps_c.so
[7.090s] -- Set non-toolchain portion of runtime path of "/home/tumwfml-ubunt6/ros2_ws/src/turtlebot3_ws/install/dynamixel_sdk_custom_interfaces/lib/libdynamixel_sdk_custom_interfaces__rosidl_typesupport_fastrtps_c.so" to ""
[7.090s] -- Up-to-date: /home/tumwfml-ubunt6/ros2_ws/src/turtlebot3_ws/install/dynamixel_sdk_custom_interfaces/include/dynamixel_sdk_custom_interfaces/dynamixel_sdk_custom_interfaces
[7.091s] -- Up-to-date: /home/tumwfml-ubunt6/ros2_ws/src/turtlebot3_ws/install/dynamixel_sdk_custom_interfaces/include/dynamixel_sdk_custom_interfaces/dynamixel_sdk_custom_interfaces/srv
[7.091s] -- Installing: /home/tumwfml-ubunt6/ros2_ws/src/turtlebot3_ws/install/dynamixel_sdk_custom_interfaces/include/dynamixel_sdk_custom_interfaces/dynamixel_sdk_custom_interfaces/srv/get_position.hpp
[7.091s] -- Up-to-date: /home/tumwfml-ubunt6/ros2_ws/src/turtlebot3_ws/install/dynamixel_sdk_custom_interfaces/include/dynamixel_sdk_custom_interfaces/dynamixel_sdk_custom_interfaces/srv/detail
[7.091s] -- Installing: /home/tumwfml-ubunt6/ros2_ws/src/turtlebot3_ws/install/dynamixel_sdk_custom_interfaces/include/dynamixel_sdk_custom_interfaces/dynamixel_sdk_custom_interfaces/srv/detail/get_position__builder.hpp
[7.091s] -- Installing: /home/tumwfml-ubunt6/ros2_ws/src/turtlebot3_ws/install/dynamixel_sdk_custom_interfaces/include/dynamixel_sdk_custom_interfaces/dynamixel_sdk_custom_interfaces/srv/detail/get_position__traits.hpp
[7.091s] -- Installing: /home/tumwfml-ubunt6/ros2_ws/src/turtlebot3_ws/install/dynamixel_sdk_custom_interfaces/include/dynamixel_sdk_custom_interfaces/dynamixel_sdk_custom_interfaces/srv/detail/get_position__struct.hpp
[7.092s] -- Up-to-date: /home/tumwfml-ubunt6/ros2_ws/src/turtlebot3_ws/install/dynamixel_sdk_custom_interfaces/include/dynamixel_sdk_custom_interfaces/dynamixel_sdk_custom_interfaces/msg
[7.092s] -- Installing: /home/tumwfml-ubunt6/ros2_ws/src/turtlebot3_ws/install/dynamixel_sdk_custom_interfaces/include/dynamixel_sdk_custom_interfaces/dynamixel_sdk_custom_interfaces/msg/set_position.hpp
[7.093s] -- Up-to-date: /home/tumwfml-ubunt6/ros2_ws/src/turtlebot3_ws/install/dynamixel_sdk_custom_interfaces/include/dynamixel_sdk_custom_interfaces/dynamixel_sdk_custom_interfaces/msg/detail
[7.093s] -- Installing: /home/tumwfml-ubunt6/ros2_ws/src/turtlebot3_ws/install/dynamixel_sdk_custom_interfaces/include/dynamixel_sdk_custom_interfaces/dynamixel_sdk_custom_interfaces/msg/detail/set_position__struct.hpp
[7.093s] -- Installing: /home/tumwfml-ubunt6/ros2_ws/src/turtlebot3_ws/install/dynamixel_sdk_custom_interfaces/include/dynamixel_sdk_custom_interfaces/dynamixel_sdk_custom_interfaces/msg/detail/set_position__builder.hpp
[7.093s] -- Installing: /home/tumwfml-ubunt6/ros2_ws/src/turtlebot3_ws/install/dynamixel_sdk_custom_interfaces/include/dynamixel_sdk_custom_interfaces/dynamixel_sdk_custom_interfaces/msg/detail/set_position__traits.hpp
[7.093s] -- Up-to-date: /home/tumwfml-ubunt6/ros2_ws/src/turtlebot3_ws/install/dynamixel_sdk_custom_interfaces/include/dynamixel_sdk_custom_interfaces/dynamixel_sdk_custom_interfaces
[7.093s] -- Up-to-date: /home/tumwfml-ubunt6/ros2_ws/src/turtlebot3_ws/install/dynamixel_sdk_custom_interfaces/include/dynamixel_sdk_custom_interfaces/dynamixel_sdk_custom_interfaces/srv
[7.093s] -- Up-to-date: /home/tumwfml-ubunt6/ros2_ws/src/turtlebot3_ws/install/dynamixel_sdk_custom_interfaces/include/dynamixel_sdk_custom_interfaces/dynamixel_sdk_custom_interfaces/srv/detail
[7.094s] -- Installing: /home/tumwfml-ubunt6/ros2_ws/src/turtlebot3_ws/install/dynamixel_sdk_custom_interfaces/include/dynamixel_sdk_custom_interfaces/dynamixel_sdk_custom_interfaces/srv/detail/get_position__rosidl_typesupport_fastrtps_cpp.hpp
[7.094s] -- Installing: /home/tumwfml-ubunt6/ros2_ws/src/turtlebot3_ws/install/dynamixel_sdk_custom_interfaces/include/dynamixel_sdk_custom_interfaces/dynamixel_sdk_custom_interfaces/srv/detail/dds_fastrtps
[7.094s] -- Up-to-date: /home/tumwfml-ubunt6/ros2_ws/src/turtlebot3_ws/install/dynamixel_sdk_custom_interfaces/include/dynamixel_sdk_custom_interfaces/dynamixel_sdk_custom_interfaces/msg
[7.094s] -- Installing: /home/tumwfml-ubunt6/ros2_ws/src/turtlebot3_ws/install/dynamixel_sdk_custom_interfaces/include/dynamixel_sdk_custom_interfaces/dynamixel_sdk_custom_interfaces/msg/rosidl_typesupport_fastrtps_cpp__visibility_control.h
[7.094s] -- Up-to-date: /home/tumwfml-ubunt6/ros2_ws/src/turtlebot3_ws/install/dynamixel_sdk_custom_interfaces/include/dynamixel_sdk_custom_interfaces/dynamixel_sdk_custom_interfaces/msg/detail
[7.094s] -- Installing: /home/tumwfml-ubunt6/ros2_ws/src/turtlebot3_ws/install/dynamixel_sdk_custom_interfaces/include/dynamixel_sdk_custom_interfaces/dynamixel_sdk_custom_interfaces/msg/detail/dds_fastrtps
[7.094s] -- Installing: /home/tumwfml-ubunt6/ros2_ws/src/turtlebot3_ws/install/dynamixel_sdk_custom_interfaces/include/dynamixel_sdk_custom_interfaces/dynamixel_sdk_custom_interfaces/msg/detail/set_position__rosidl_typesupport_fastrtps_cpp.hpp
[7.094s] -- Installing: /home/tumwfml-ubunt6/ros2_ws/src/turtlebot3_ws/install/dynamixel_sdk_custom_interfaces/lib/libdynamixel_sdk_custom_interfaces__rosidl_typesupport_fastrtps_cpp.so
[7.095s] -- Set non-toolchain portion of runtime path of "/home/tumwfml-ubunt6/ros2_ws/src/turtlebot3_ws/install/dynamixel_sdk_custom_interfaces/lib/libdynamixel_sdk_custom_interfaces__rosidl_typesupport_fastrtps_cpp.so" to ""
[7.095s] -- Up-to-date: /home/tumwfml-ubunt6/ros2_ws/src/turtlebot3_ws/install/dynamixel_sdk_custom_interfaces/include/dynamixel_sdk_custom_interfaces/dynamixel_sdk_custom_interfaces
[7.095s] -- Up-to-date: /home/tumwfml-ubunt6/ros2_ws/src/turtlebot3_ws/install/dynamixel_sdk_custom_interfaces/include/dynamixel_sdk_custom_interfaces/dynamixel_sdk_custom_interfaces/srv
[7.095s] -- Up-to-date: /home/tumwfml-ubunt6/ros2_ws/src/turtlebot3_ws/install/dynamixel_sdk_custom_interfaces/include/dynamixel_sdk_custom_interfaces/dynamixel_sdk_custom_interfaces/srv/detail
[7.095s] -- Installing: /home/tumwfml-ubunt6/ros2_ws/src/turtlebot3_ws/install/dynamixel_sdk_custom_interfaces/include/dynamixel_sdk_custom_interfaces/dynamixel_sdk_custom_interfaces/srv/detail/get_position__type_support.c
[7.096s] -- Installing: /home/tumwfml-ubunt6/ros2_ws/src/turtlebot3_ws/install/dynamixel_sdk_custom_interfaces/include/dynamixel_sdk_custom_interfaces/dynamixel_sdk_custom_interfaces/srv/detail/get_position__rosidl_typesupport_introspection_c.h
[7.096s] -- Up-to-date: /home/tumwfml-ubunt6/ros2_ws/src/turtlebot3_ws/install/dynamixel_sdk_custom_interfaces/include/dynamixel_sdk_custom_interfaces/dynamixel_sdk_custom_interfaces/msg
[7.096s] -- Up-to-date: /home/tumwfml-ubunt6/ros2_ws/src/turtlebot3_ws/install/dynamixel_sdk_custom_interfaces/include/dynamixel_sdk_custom_interfaces/dynamixel_sdk_custom_interfaces/msg/detail
[7.096s] -- Installing: /home/tumwfml-ubunt6/ros2_ws/src/turtlebot3_ws/install/dynamixel_sdk_custom_interfaces/include/dynamixel_sdk_custom_interfaces/dynamixel_sdk_custom_interfaces/msg/detail/set_position__type_support.c
[7.097s] -- Installing: /home/tumwfml-ubunt6/ros2_ws/src/turtlebot3_ws/install/dynamixel_sdk_custom_interfaces/include/dynamixel_sdk_custom_interfaces/dynamixel_sdk_custom_interfaces/msg/detail/set_position__rosidl_typesupport_introspection_c.h
[7.097s] -- Installing: /home/tumwfml-ubunt6/ros2_ws/src/turtlebot3_ws/install/dynamixel_sdk_custom_interfaces/include/dynamixel_sdk_custom_interfaces/dynamixel_sdk_custom_interfaces/msg/rosidl_typesupport_introspection_c__visibility_control.h
[7.097s] -- Installing: /home/tumwfml-ubunt6/ros2_ws/src/turtlebot3_ws/install/dynamixel_sdk_custom_interfaces/lib/libdynamixel_sdk_custom_interfaces__rosidl_typesupport_introspection_c.so
[7.097s] -- Set non-toolchain portion of runtime path of "/home/tumwfml-ubunt6/ros2_ws/src/turtlebot3_ws/install/dynamixel_sdk_custom_interfaces/lib/libdynamixel_sdk_custom_interfaces__rosidl_typesupport_introspection_c.so" to ""
[7.098s] -- Installing: /home/tumwfml-ubunt6/ros2_ws/src/turtlebot3_ws/install/dynamixel_sdk_custom_interfaces/lib/libdynamixel_sdk_custom_interfaces__rosidl_typesupport_c.so
[7.098s] -- Set non-toolchain portion of runtime path of "/home/tumwfml-ubunt6/ros2_ws/src/turtlebot3_ws/install/dynamixel_sdk_custom_interfaces/lib/libdynamixel_sdk_custom_interfaces__rosidl_typesupport_c.so" to ""
[7.098s] -- Up-to-date: /home/tumwfml-ubunt6/ros2_ws/src/turtlebot3_ws/install/dynamixel_sdk_custom_interfaces/include/dynamixel_sdk_custom_interfaces/dynamixel_sdk_custom_interfaces
[7.099s] -- Up-to-date: /home/tumwfml-ubunt6/ros2_ws/src/turtlebot3_ws/install/dynamixel_sdk_custom_interfaces/include/dynamixel_sdk_custom_interfaces/dynamixel_sdk_custom_interfaces/srv
[7.099s] -- Up-to-date: /home/tumwfml-ubunt6/ros2_ws/src/turtlebot3_ws/install/dynamixel_sdk_custom_interfaces/include/dynamixel_sdk_custom_interfaces/dynamixel_sdk_custom_interfaces/srv/detail
[7.099s] -- Installing: /home/tumwfml-ubunt6/ros2_ws/src/turtlebot3_ws/install/dynamixel_sdk_custom_interfaces/include/dynamixel_sdk_custom_interfaces/dynamixel_sdk_custom_interfaces/srv/detail/get_position__type_support.cpp
[7.099s] -- Installing: /home/tumwfml-ubunt6/ros2_ws/src/turtlebot3_ws/install/dynamixel_sdk_custom_interfaces/include/dynamixel_sdk_custom_interfaces/dynamixel_sdk_custom_interfaces/srv/detail/get_position__rosidl_typesupport_introspection_cpp.hpp
[7.099s] -- Up-to-date: /home/tumwfml-ubunt6/ros2_ws/src/turtlebot3_ws/install/dynamixel_sdk_custom_interfaces/include/dynamixel_sdk_custom_interfaces/dynamixel_sdk_custom_interfaces/msg
[7.099s] -- Up-to-date: /home/tumwfml-ubunt6/ros2_ws/src/turtlebot3_ws/install/dynamixel_sdk_custom_interfaces/include/dynamixel_sdk_custom_interfaces/dynamixel_sdk_custom_interfaces/msg/detail
[7.100s] -- Installing: /home/tumwfml-ubunt6/ros2_ws/src/turtlebot3_ws/install/dynamixel_sdk_custom_interfaces/include/dynamixel_sdk_custom_interfaces/dynamixel_sdk_custom_interfaces/msg/detail/set_position__rosidl_typesupport_introspection_cpp.hpp
[7.100s] -- Installing: /home/tumwfml-ubunt6/ros2_ws/src/turtlebot3_ws/install/dynamixel_sdk_custom_interfaces/include/dynamixel_sdk_custom_interfaces/dynamixel_sdk_custom_interfaces/msg/detail/set_position__type_support.cpp
[7.100s] -- Installing: /home/tumwfml-ubunt6/ros2_ws/src/turtlebot3_ws/install/dynamixel_sdk_custom_interfaces/lib/libdynamixel_sdk_custom_interfaces__rosidl_typesupport_introspection_cpp.so
[7.100s] -- Set non-toolchain portion of runtime path of "/home/tumwfml-ubunt6/ros2_ws/src/turtlebot3_ws/install/dynamixel_sdk_custom_interfaces/lib/libdynamixel_sdk_custom_interfaces__rosidl_typesupport_introspection_cpp.so" to ""
[7.101s] -- Installing: /home/tumwfml-ubunt6/ros2_ws/src/turtlebot3_ws/install/dynamixel_sdk_custom_interfaces/lib/libdynamixel_sdk_custom_interfaces__rosidl_typesupport_cpp.so
[7.101s] -- Set non-toolchain portion of runtime path of "/home/tumwfml-ubunt6/ros2_ws/src/turtlebot3_ws/install/dynamixel_sdk_custom_interfaces/lib/libdynamixel_sdk_custom_interfaces__rosidl_typesupport_cpp.so" to ""
[7.101s] -- Installing: /home/tumwfml-ubunt6/ros2_ws/src/turtlebot3_ws/install/dynamixel_sdk_custom_interfaces/share/dynamixel_sdk_custom_interfaces/environment/pythonpath.sh
[7.102s] -- Installing: /home/tumwfml-ubunt6/ros2_ws/src/turtlebot3_ws/install/dynamixel_sdk_custom_interfaces/share/dynamixel_sdk_custom_interfaces/environment/pythonpath.dsv
[7.102s] -- Installing: /home/tumwfml-ubunt6/ros2_ws/src/turtlebot3_ws/install/dynamixel_sdk_custom_interfaces/local/lib/python3.10/dist-packages/dynamixel_sdk_custom_interfaces-3.7.60-py3.10.egg-info
[7.103s] -- Installing: /home/tumwfml-ubunt6/ros2_ws/src/turtlebot3_ws/install/dynamixel_sdk_custom_interfaces/local/lib/python3.10/dist-packages/dynamixel_sdk_custom_interfaces-3.7.60-py3.10.egg-info/top_level.txt
[7.103s] -- Installing: /home/tumwfml-ubunt6/ros2_ws/src/turtlebot3_ws/install/dynamixel_sdk_custom_interfaces/local/lib/python3.10/dist-packages/dynamixel_sdk_custom_interfaces-3.7.60-py3.10.egg-info/dependency_links.txt
[7.103s] -- Installing: /home/tumwfml-ubunt6/ros2_ws/src/turtlebot3_ws/install/dynamixel_sdk_custom_interfaces/local/lib/python3.10/dist-packages/dynamixel_sdk_custom_interfaces-3.7.60-py3.10.egg-info/PKG-INFO
[7.104s] -- Installing: /home/tumwfml-ubunt6/ros2_ws/src/turtlebot3_ws/install/dynamixel_sdk_custom_interfaces/local/lib/python3.10/dist-packages/dynamixel_sdk_custom_interfaces-3.7.60-py3.10.egg-info/SOURCES.txt
[7.104s] -- Installing: /home/tumwfml-ubunt6/ros2_ws/src/turtlebot3_ws/install/dynamixel_sdk_custom_interfaces/local/lib/python3.10/dist-packages/dynamixel_sdk_custom_interfaces
[7.104s] -- Installing: /home/tumwfml-ubunt6/ros2_ws/src/turtlebot3_ws/install/dynamixel_sdk_custom_interfaces/local/lib/python3.10/dist-packages/dynamixel_sdk_custom_interfaces/_dynamixel_sdk_custom_interfaces_s.ep.rosidl_typesupport_c.c
[7.104s] -- Installing: /home/tumwfml-ubunt6/ros2_ws/src/turtlebot3_ws/install/dynamixel_sdk_custom_interfaces/local/lib/python3.10/dist-packages/dynamixel_sdk_custom_interfaces/dynamixel_sdk_custom_interfaces_s__rosidl_typesupport_c.cpython-310-x86_64-linux-gnu.so
[7.104s] -- Installing: /home/tumwfml-ubunt6/ros2_ws/src/turtlebot3_ws/install/dynamixel_sdk_custom_interfaces/local/lib/python3.10/dist-packages/dynamixel_sdk_custom_interfaces/dynamixel_sdk_custom_interfaces_s__rosidl_typesupport_introspection_c.cpython-310-x86_64-linux-gnu.so
[7.104s] -- Installing: /home/tumwfml-ubunt6/ros2_ws/src/turtlebot3_ws/install/dynamixel_sdk_custom_interfaces/local/lib/python3.10/dist-packages/dynamixel_sdk_custom_interfaces/dynamixel_sdk_custom_interfaces_s__rosidl_typesupport_fastrtps_c.cpython-310-x86_64-linux-gnu.so
[7.105s] -- Installing: /home/tumwfml-ubunt6/ros2_ws/src/turtlebot3_ws/install/dynamixel_sdk_custom_interfaces/local/lib/python3.10/dist-packages/dynamixel_sdk_custom_interfaces/_dynamixel_sdk_custom_interfaces_s.ep.rosidl_typesupport_introspection_c.c
[7.105s] -- Installing: /home/tumwfml-ubunt6/ros2_ws/src/turtlebot3_ws/install/dynamixel_sdk_custom_interfaces/local/lib/python3.10/dist-packages/dynamixel_sdk_custom_interfaces/__init__.py
[7.105s] -- Installing: /home/tumwfml-ubunt6/ros2_ws/src/turtlebot3_ws/install/dynamixel_sdk_custom_interfaces/local/lib/python3.10/dist-packages/dynamixel_sdk_custom_interfaces/libdynamixel_sdk_custom_interfaces__rosidl_generator_py.so
[7.106s] -- Installing: /home/tumwfml-ubunt6/ros2_ws/src/turtlebot3_ws/install/dynamixel_sdk_custom_interfaces/local/lib/python3.10/dist-packages/dynamixel_sdk_custom_interfaces/srv
[7.106s] -- Installing: /home/tumwfml-ubunt6/ros2_ws/src/turtlebot3_ws/install/dynamixel_sdk_custom_interfaces/local/lib/python3.10/dist-packages/dynamixel_sdk_custom_interfaces/srv/_get_position_s.c
[7.106s] -- Installing: /home/tumwfml-ubunt6/ros2_ws/src/turtlebot3_ws/install/dynamixel_sdk_custom_interfaces/local/lib/python3.10/dist-packages/dynamixel_sdk_custom_interfaces/srv/_get_position.py
[7.106s] -- Installing: /home/tumwfml-ubunt6/ros2_ws/src/turtlebot3_ws/install/dynamixel_sdk_custom_interfaces/local/lib/python3.10/dist-packages/dynamixel_sdk_custom_interfaces/srv/__init__.py
[7.107s] -- Installing: /home/tumwfml-ubunt6/ros2_ws/src/turtlebot3_ws/install/dynamixel_sdk_custom_interfaces/local/lib/python3.10/dist-packages/dynamixel_sdk_custom_interfaces/_dynamixel_sdk_custom_interfaces_s.ep.rosidl_typesupport_fastrtps_c.c
[7.107s] -- Installing: /home/tumwfml-ubunt6/ros2_ws/src/turtlebot3_ws/install/dynamixel_sdk_custom_interfaces/local/lib/python3.10/dist-packages/dynamixel_sdk_custom_interfaces/msg
[7.107s] -- Installing: /home/tumwfml-ubunt6/ros2_ws/src/turtlebot3_ws/install/dynamixel_sdk_custom_interfaces/local/lib/python3.10/dist-packages/dynamixel_sdk_custom_interfaces/msg/_set_position.py
[7.107s] -- Installing: /home/tumwfml-ubunt6/ros2_ws/src/turtlebot3_ws/install/dynamixel_sdk_custom_interfaces/local/lib/python3.10/dist-packages/dynamixel_sdk_custom_interfaces/msg/_set_position_s.c
[7.108s] -- Installing: /home/tumwfml-ubunt6/ros2_ws/src/turtlebot3_ws/install/dynamixel_sdk_custom_interfaces/local/lib/python3.10/dist-packages/dynamixel_sdk_custom_interfaces/msg/__init__.py
[7.169s] Listing '/home/tumwfml-ubunt6/ros2_ws/src/turtlebot3_ws/install/dynamixel_sdk_custom_interfaces/local/lib/python3.10/dist-packages/dynamixel_sdk_custom_interfaces'...
[7.169s] Compiling '/home/tumwfml-ubunt6/ros2_ws/src/turtlebot3_ws/install/dynamixel_sdk_custom_interfaces/local/lib/python3.10/dist-packages/dynamixel_sdk_custom_interfaces/__init__.py'...
[7.169s] Listing '/home/tumwfml-ubunt6/ros2_ws/src/turtlebot3_ws/install/dynamixel_sdk_custom_interfaces/local/lib/python3.10/dist-packages/dynamixel_sdk_custom_interfaces/msg'...
[7.169s] Compiling '/home/tumwfml-ubunt6/ros2_ws/src/turtlebot3_ws/install/dynamixel_sdk_custom_interfaces/local/lib/python3.10/dist-packages/dynamixel_sdk_custom_interfaces/msg/__init__.py'...
[7.169s] Compiling '/home/tumwfml-ubunt6/ros2_ws/src/turtlebot3_ws/install/dynamixel_sdk_custom_interfaces/local/lib/python3.10/dist-packages/dynamixel_sdk_custom_interfaces/msg/_set_position.py'...
[7.170s] Listing '/home/tumwfml-ubunt6/ros2_ws/src/turtlebot3_ws/install/dynamixel_sdk_custom_interfaces/local/lib/python3.10/dist-packages/dynamixel_sdk_custom_interfaces/srv'...
[7.170s] Compiling '/home/tumwfml-ubunt6/ros2_ws/src/turtlebot3_ws/install/dynamixel_sdk_custom_interfaces/local/lib/python3.10/dist-packages/dynamixel_sdk_custom_interfaces/srv/__init__.py'...
[7.170s] Compiling '/home/tumwfml-ubunt6/ros2_ws/src/turtlebot3_ws/install/dynamixel_sdk_custom_interfaces/local/lib/python3.10/dist-packages/dynamixel_sdk_custom_interfaces/srv/_get_position.py'...
[7.179s] -- Installing: /home/tumwfml-ubunt6/ros2_ws/src/turtlebot3_ws/install/dynamixel_sdk_custom_interfaces/local/lib/python3.10/dist-packages/dynamixel_sdk_custom_interfaces/dynamixel_sdk_custom_interfaces_s__rosidl_typesupport_fastrtps_c.cpython-310-x86_64-linux-gnu.so
[7.180s] -- Set non-toolchain portion of runtime path of "/home/tumwfml-ubunt6/ros2_ws/src/turtlebot3_ws/install/dynamixel_sdk_custom_interfaces/local/lib/python3.10/dist-packages/dynamixel_sdk_custom_interfaces/dynamixel_sdk_custom_interfaces_s__rosidl_typesupport_fastrtps_c.cpython-310-x86_64-linux-gnu.so" to ""
[7.180s] -- Installing: /home/tumwfml-ubunt6/ros2_ws/src/turtlebot3_ws/install/dynamixel_sdk_custom_interfaces/local/lib/python3.10/dist-packages/dynamixel_sdk_custom_interfaces/dynamixel_sdk_custom_interfaces_s__rosidl_typesupport_introspection_c.cpython-310-x86_64-linux-gnu.so
[7.181s] -- Set non-toolchain portion of runtime path of "/home/tumwfml-ubunt6/ros2_ws/src/turtlebot3_ws/install/dynamixel_sdk_custom_interfaces/local/lib/python3.10/dist-packages/dynamixel_sdk_custom_interfaces/dynamixel_sdk_custom_interfaces_s__rosidl_typesupport_introspection_c.cpython-310-x86_64-linux-gnu.so" to ""
[7.182s] -- Installing: /home/tumwfml-ubunt6/ros2_ws/src/turtlebot3_ws/install/dynamixel_sdk_custom_interfaces/local/lib/python3.10/dist-packages/dynamixel_sdk_custom_interfaces/dynamixel_sdk_custom_interfaces_s__rosidl_typesupport_c.cpython-310-x86_64-linux-gnu.so
[7.183s] -- Set non-toolchain portion of runtime path of "/home/tumwfml-ubunt6/ros2_ws/src/turtlebot3_ws/install/dynamixel_sdk_custom_interfaces/local/lib/python3.10/dist-packages/dynamixel_sdk_custom_interfaces/dynamixel_sdk_custom_interfaces_s__rosidl_typesupport_c.cpython-310-x86_64-linux-gnu.so" to ""
[7.183s] -- Installing: /home/tumwfml-ubunt6/ros2_ws/src/turtlebot3_ws/install/dynamixel_sdk_custom_interfaces/lib/libdynamixel_sdk_custom_interfaces__rosidl_generator_py.so
[7.184s] -- Set non-toolchain portion of runtime path of "/home/tumwfml-ubunt6/ros2_ws/src/turtlebot3_ws/install/dynamixel_sdk_custom_interfaces/lib/libdynamixel_sdk_custom_interfaces__rosidl_generator_py.so" to ""
[7.185s] -- Installing: /home/tumwfml-ubunt6/ros2_ws/src/turtlebot3_ws/install/dynamixel_sdk_custom_interfaces/share/dynamixel_sdk_custom_interfaces/msg/SetPosition.idl
[7.185s] -- Installing: /home/tumwfml-ubunt6/ros2_ws/src/turtlebot3_ws/install/dynamixel_sdk_custom_interfaces/share/dynamixel_sdk_custom_interfaces/srv/GetPosition.idl
[7.186s] -- Installing: /home/tumwfml-ubunt6/ros2_ws/src/turtlebot3_ws/install/dynamixel_sdk_custom_interfaces/share/dynamixel_sdk_custom_interfaces/msg/SetPosition.msg
[7.186s] -- Installing: /home/tumwfml-ubunt6/ros2_ws/src/turtlebot3_ws/install/dynamixel_sdk_custom_interfaces/share/dynamixel_sdk_custom_interfaces/srv/GetPosition.srv
[7.187s] -- Installing: /home/tumwfml-ubunt6/ros2_ws/src/turtlebot3_ws/install/dynamixel_sdk_custom_interfaces/share/dynamixel_sdk_custom_interfaces/srv/GetPosition_Request.msg
[7.187s] -- Installing: /home/tumwfml-ubunt6/ros2_ws/src/turtlebot3_ws/install/dynamixel_sdk_custom_interfaces/share/dynamixel_sdk_custom_interfaces/srv/GetPosition_Response.msg
[7.188s] -- Installing: /home/tumwfml-ubunt6/ros2_ws/src/turtlebot3_ws/install/dynamixel_sdk_custom_interfaces/share/ament_index/resource_index/package_run_dependencies/dynamixel_sdk_custom_interfaces
[7.189s] -- Installing: /home/tumwfml-ubunt6/ros2_ws/src/turtlebot3_ws/install/dynamixel_sdk_custom_interfaces/share/ament_index/resource_index/parent_prefix_path/dynamixel_sdk_custom_interfaces
[7.189s] -- Installing: /home/tumwfml-ubunt6/ros2_ws/src/turtlebot3_ws/install/dynamixel_sdk_custom_interfaces/share/dynamixel_sdk_custom_interfaces/environment/ament_prefix_path.sh
[7.190s] -- Installing: /home/tumwfml-ubunt6/ros2_ws/src/turtlebot3_ws/install/dynamixel_sdk_custom_interfaces/share/dynamixel_sdk_custom_interfaces/environment/ament_prefix_path.dsv
[7.190s] -- Installing: /home/tumwfml-ubunt6/ros2_ws/src/turtlebot3_ws/install/dynamixel_sdk_custom_interfaces/share/dynamixel_sdk_custom_interfaces/environment/path.sh
[7.191s] -- Installing: /home/tumwfml-ubunt6/ros2_ws/src/turtlebot3_ws/install/dynamixel_sdk_custom_interfaces/share/dynamixel_sdk_custom_interfaces/environment/path.dsv
[7.191s] -- Installing: /home/tumwfml-ubunt6/ros2_ws/src/turtlebot3_ws/install/dynamixel_sdk_custom_interfaces/share/dynamixel_sdk_custom_interfaces/local_setup.bash
[7.192s] -- Installing: /home/tumwfml-ubunt6/ros2_ws/src/turtlebot3_ws/install/dynamixel_sdk_custom_interfaces/share/dynamixel_sdk_custom_interfaces/local_setup.sh
[7.192s] -- Installing: /home/tumwfml-ubunt6/ros2_ws/src/turtlebot3_ws/install/dynamixel_sdk_custom_interfaces/share/dynamixel_sdk_custom_interfaces/local_setup.zsh
[7.193s] -- Installing: /home/tumwfml-ubunt6/ros2_ws/src/turtlebot3_ws/install/dynamixel_sdk_custom_interfaces/share/dynamixel_sdk_custom_interfaces/local_setup.dsv
[7.193s] -- Installing: /home/tumwfml-ubunt6/ros2_ws/src/turtlebot3_ws/install/dynamixel_sdk_custom_interfaces/share/dynamixel_sdk_custom_interfaces/package.dsv
[7.194s] -- Installing: /home/tumwfml-ubunt6/ros2_ws/src/turtlebot3_ws/install/dynamixel_sdk_custom_interfaces/share/ament_index/resource_index/packages/dynamixel_sdk_custom_interfaces
[7.195s] -- Installing: /home/tumwfml-ubunt6/ros2_ws/src/turtlebot3_ws/install/dynamixel_sdk_custom_interfaces/share/dynamixel_sdk_custom_interfaces/cmake/export_dynamixel_sdk_custom_interfaces__rosidl_generator_cExport.cmake
[7.195s] -- Installing: /home/tumwfml-ubunt6/ros2_ws/src/turtlebot3_ws/install/dynamixel_sdk_custom_interfaces/share/dynamixel_sdk_custom_interfaces/cmake/export_dynamixel_sdk_custom_interfaces__rosidl_generator_cExport-noconfig.cmake
[7.196s] -- Installing: /home/tumwfml-ubunt6/ros2_ws/src/turtlebot3_ws/install/dynamixel_sdk_custom_interfaces/share/dynamixel_sdk_custom_interfaces/cmake/export_dynamixel_sdk_custom_interfaces__rosidl_typesupport_fastrtps_cExport.cmake
[7.196s] -- Installing: /home/tumwfml-ubunt6/ros2_ws/src/turtlebot3_ws/install/dynamixel_sdk_custom_interfaces/share/dynamixel_sdk_custom_interfaces/cmake/export_dynamixel_sdk_custom_interfaces__rosidl_typesupport_fastrtps_cExport-noconfig.cmake
[7.197s] -- Installing: /home/tumwfml-ubunt6/ros2_ws/src/turtlebot3_ws/install/dynamixel_sdk_custom_interfaces/share/dynamixel_sdk_custom_interfaces/cmake/export_dynamixel_sdk_custom_interfaces__rosidl_generator_cppExport.cmake
[7.198s] -- Installing: /home/tumwfml-ubunt6/ros2_ws/src/turtlebot3_ws/install/dynamixel_sdk_custom_interfaces/share/dynamixel_sdk_custom_interfaces/cmake/export_dynamixel_sdk_custom_interfaces__rosidl_typesupport_fastrtps_cppExport.cmake
[7.198s] -- Installing: /home/tumwfml-ubunt6/ros2_ws/src/turtlebot3_ws/install/dynamixel_sdk_custom_interfaces/share/dynamixel_sdk_custom_interfaces/cmake/export_dynamixel_sdk_custom_interfaces__rosidl_typesupport_fastrtps_cppExport-noconfig.cmake
[7.199s] -- Installing: /home/tumwfml-ubunt6/ros2_ws/src/turtlebot3_ws/install/dynamixel_sdk_custom_interfaces/share/dynamixel_sdk_custom_interfaces/cmake/dynamixel_sdk_custom_interfaces__rosidl_typesupport_introspection_cExport.cmake
[7.199s] -- Installing: /home/tumwfml-ubunt6/ros2_ws/src/turtlebot3_ws/install/dynamixel_sdk_custom_interfaces/share/dynamixel_sdk_custom_interfaces/cmake/dynamixel_sdk_custom_interfaces__rosidl_typesupport_introspection_cExport-noconfig.cmake
[7.200s] -- Installing: /home/tumwfml-ubunt6/ros2_ws/src/turtlebot3_ws/install/dynamixel_sdk_custom_interfaces/share/dynamixel_sdk_custom_interfaces/cmake/dynamixel_sdk_custom_interfaces__rosidl_typesupport_cExport.cmake
[7.200s] -- Installing: /home/tumwfml-ubunt6/ros2_ws/src/turtlebot3_ws/install/dynamixel_sdk_custom_interfaces/share/dynamixel_sdk_custom_interfaces/cmake/dynamixel_sdk_custom_interfaces__rosidl_typesupport_cExport-noconfig.cmake
[7.201s] -- Installing: /home/tumwfml-ubunt6/ros2_ws/src/turtlebot3_ws/install/dynamixel_sdk_custom_interfaces/share/dynamixel_sdk_custom_interfaces/cmake/dynamixel_sdk_custom_interfaces__rosidl_typesupport_introspection_cppExport.cmake
[7.201s] -- Installing: /home/tumwfml-ubunt6/ros2_ws/src/turtlebot3_ws/install/dynamixel_sdk_custom_interfaces/share/dynamixel_sdk_custom_interfaces/cmake/dynamixel_sdk_custom_interfaces__rosidl_typesupport_introspection_cppExport-noconfig.cmake
[7.202s] -- Installing: /home/tumwfml-ubunt6/ros2_ws/src/turtlebot3_ws/install/dynamixel_sdk_custom_interfaces/share/dynamixel_sdk_custom_interfaces/cmake/dynamixel_sdk_custom_interfaces__rosidl_typesupport_cppExport.cmake
[7.202s] -- Installing: /home/tumwfml-ubunt6/ros2_ws/src/turtlebot3_ws/install/dynamixel_sdk_custom_interfaces/share/dynamixel_sdk_custom_interfaces/cmake/dynamixel_sdk_custom_interfaces__rosidl_typesupport_cppExport-noconfig.cmake
[7.203s] -- Installing: /home/tumwfml-ubunt6/ros2_ws/src/turtlebot3_ws/install/dynamixel_sdk_custom_interfaces/share/dynamixel_sdk_custom_interfaces/cmake/export_dynamixel_sdk_custom_interfaces__rosidl_generator_pyExport.cmake
[7.204s] -- Installing: /home/tumwfml-ubunt6/ros2_ws/src/turtlebot3_ws/install/dynamixel_sdk_custom_interfaces/share/dynamixel_sdk_custom_interfaces/cmake/export_dynamixel_sdk_custom_interfaces__rosidl_generator_pyExport-noconfig.cmake
[7.204s] -- Installing: /home/tumwfml-ubunt6/ros2_ws/src/turtlebot3_ws/install/dynamixel_sdk_custom_interfaces/share/dynamixel_sdk_custom_interfaces/cmake/rosidl_cmake-extras.cmake
[7.205s] -- Installing: /home/tumwfml-ubunt6/ros2_ws/src/turtlebot3_ws/install/dynamixel_sdk_custom_interfaces/share/dynamixel_sdk_custom_interfaces/cmake/ament_cmake_export_dependencies-extras.cmake
[7.205s] -- Installing: /home/tumwfml-ubunt6/ros2_ws/src/turtlebot3_ws/install/dynamixel_sdk_custom_interfaces/share/dynamixel_sdk_custom_interfaces/cmake/ament_cmake_export_include_directories-extras.cmake
[7.206s] -- Installing: /home/tumwfml-ubunt6/ros2_ws/src/turtlebot3_ws/install/dynamixel_sdk_custom_interfaces/share/dynamixel_sdk_custom_interfaces/cmake/ament_cmake_export_libraries-extras.cmake
[7.206s] -- Installing: /home/tumwfml-ubunt6/ros2_ws/src/turtlebot3_ws/install/dynamixel_sdk_custom_interfaces/share/dynamixel_sdk_custom_interfaces/cmake/ament_cmake_export_targets-extras.cmake
[7.207s] -- Installing: /home/tumwfml-ubunt6/ros2_ws/src/turtlebot3_ws/install/dynamixel_sdk_custom_interfaces/share/dynamixel_sdk_custom_interfaces/cmake/rosidl_cmake_export_typesupport_targets-extras.cmake
[7.207s] -- Installing: /home/tumwfml-ubunt6/ros2_ws/src/turtlebot3_ws/install/dynamixel_sdk_custom_interfaces/share/dynamixel_sdk_custom_interfaces/cmake/rosidl_cmake_export_typesupport_libraries-extras.cmake
[7.208s] -- Installing: /home/tumwfml-ubunt6/ros2_ws/src/turtlebot3_ws/install/dynamixel_sdk_custom_interfaces/share/dynamixel_sdk_custom_interfaces/cmake/dynamixel_sdk_custom_interfacesConfig.cmake
[7.208s] -- Installing: /home/tumwfml-ubunt6/ros2_ws/src/turtlebot3_ws/install/dynamixel_sdk_custom_interfaces/share/dynamixel_sdk_custom_interfaces/cmake/dynamixel_sdk_custom_interfacesConfig-version.cmake
[7.209s] -- Installing: /home/tumwfml-ubunt6/ros2_ws/src/turtlebot3_ws/install/dynamixel_sdk_custom_interfaces/share/dynamixel_sdk_custom_interfaces/package.xml
[7.244s] Invoked command in '/home/tumwfml-ubunt6/ros2_ws/src/turtlebot3_ws/build/dynamixel_sdk_custom_interfaces' returned '0': CMAKE_PREFIX_PATH=${CMAKE_PREFIX_PATH}:/home/tumwfml-ubunt6/ros2_ws/install/warehouse_robot_spawner_pkg:/home/tumwfml-ubunt6/ros2_ws/install/turtlebot3_teleop:/home/tumwfml-ubunt6/ros2_ws/install/turtlebot3_example:/opt/ros/humble /home/tumwfml-ubunt6/.local/bin/cmake --install /home/tumwfml-ubunt6/ros2_ws/src/turtlebot3_ws/build/dynamixel_sdk_custom_interfaces
